Dataset size: 291898; Batch size: 512; Number of bathces: 571; loading on: cuda.
Initial lr: 1e-05; decreasing every 60; by scale 0.8; validate every 290
# of params requiring grad: 40; Initializing Model...
Epoch 0, Batch 0/571, Loss: 0.16887493431568146, Avg Loss: 0.16887493431568146, Time taken: 794.6977436542511
target_lr: 0.0001, current: 2e-05
Epoch 0, Batch 1/571, Loss: 0.2379380762577057, Avg Loss: 0.20340650528669357, Time taken: 764.8233828544617
target_lr: 0.0001, current: 3.0000000000000004e-05
Epoch 0, Batch 2/571, Loss: 0.215092733502388, Avg Loss: 0.20730191469192505, Time taken: 766.3161504268646
target_lr: 0.0001, current: 4e-05
Epoch 0, Batch 3/571, Loss: 0.36631864309310913, Avg Loss: 0.24705609679222107, Time taken: 766.8081655502319
target_lr: 0.0001, current: 5e-05
Epoch 0, Batch 4/571, Loss: 0.2311823070049286, Avg Loss: 0.24388133883476257, Time taken: 763.1381845474243
target_lr: 0.0001, current: 6e-05
Epoch 0, Batch 5/571, Loss: 0.006284698843955994, Avg Loss: 0.2042818988362948, Time taken: 761.302337884903
target_lr: 0.0001, current: 7.000000000000001e-05
Epoch 0, Batch 6/571, Loss: 0.026941124349832535, Avg Loss: 0.1789475024810859, Time taken: 759.0242807865143
target_lr: 0.0001, current: 8e-05
Epoch 0, Batch 7/571, Loss: 0.38300448656082153, Avg Loss: 0.20445462549105287, Time taken: 760.5413391590118
target_lr: 0.0001, current: 9e-05
Epoch 0, Batch 8/571, Loss: 0.9274517893791199, Avg Loss: 0.2847876437008381, Time taken: 761.0841007232666
target_lr: 0.0001, current: 0.0001
Epoch 0, Batch 9/571, Loss: 0.8239067792892456, Avg Loss: 0.3386995572596788, Time taken: 760.0252733230591
target_lr: 0.0001, current: 0.00011
Epoch 0, Batch 10/571, Loss: 0.022462967783212662, Avg Loss: 0.3099507763981819, Time taken: 759.7480952739716
Error loading batch 8068: Chunk 354 for video 55e6a9ac-9a1d-47f7-be3d-eea1296d1627 does not exist!
Epoch 0, Batch 11/571, Loss: 0.42466336488723755, Avg Loss: 0.3195101587722699, Time taken: 761.3755626678467
Epoch 0, Batch 12/571, Loss: 0.430480033159256, Avg Loss: 0.3280463029558842, Time taken: 761.2686769962311
Epoch 0, Batch 13/571, Loss: 0.7050718069076538, Avg Loss: 0.3549766960952963, Time taken: 761.2421271800995
Epoch 0, Batch 14/571, Loss: 0.5698481798171997, Avg Loss: 0.36930146167675654, Time taken: 763.5836434364319
15: truncated batch: 511
Epoch 0, Batch 15/571, Loss: 0.40402287244796753, Avg Loss: 0.3714715498499572, Time taken: 759.6989777088165
Epoch 0, Batch 16/571, Loss: 0.21684807538986206, Avg Loss: 0.36237605135230455, Time taken: 762.3413193225861
Epoch 0, Batch 17/571, Loss: 0.17095676064491272, Avg Loss: 0.35174164631300503, Time taken: 762.597932100296
Epoch 0, Batch 18/571, Loss: 0.1417151391506195, Avg Loss: 0.3406876196202479, Time taken: 749.9210426807404
Epoch 0, Batch 19/571, Loss: 0.14926281571388245, Avg Loss: 0.3311163794249296, Time taken: 748.9162864685059
Epoch 0, Batch 20/571, Loss: 0.45038095116615295, Avg Loss: 0.33679564474594026, Time taken: 765.6548206806183
Epoch 0, Batch 21/571, Loss: 0.6836463809013367, Avg Loss: 0.35256158729845827, Time taken: 748.2511525154114
Epoch 0, Batch 22/571, Loss: 0.06230659782886505, Avg Loss: 0.3399418051476064, Time taken: 751.047500371933
Epoch 0, Batch 23/571, Loss: 0.12528449296951294, Avg Loss: 0.33099775047351915, Time taken: 750.4204747676849
Epoch 0, Batch 24/571, Loss: 0.2440207600593567, Avg Loss: 0.3275186708569527, Time taken: 748.5049121379852
Epoch 0, Batch 25/571, Loss: 0.3911065459251404, Avg Loss: 0.32996435835957527, Time taken: 751.0598134994507
Epoch 0, Batch 26/571, Loss: 0.13924840092658997, Avg Loss: 0.32290080438057583, Time taken: 750.8348443508148
Epoch 0, Batch 27/571, Loss: 0.063232421875, Avg Loss: 0.31362693357680527, Time taken: 750.369663476944
Epoch 0, Batch 28/571, Loss: 0.14017048478126526, Avg Loss: 0.3076456767217866, Time taken: 751.1780960559845
Epoch 0, Batch 29/571, Loss: 0.1777270883321762, Avg Loss: 0.30331505710879963, Time taken: 750.6045942306519
Epoch 0, Batch 30/571, Loss: 0.32782477140426636, Avg Loss: 0.3041056930538147, Time taken: 750.6319108009338
Epoch 0, Batch 31/571, Loss: 0.48460400104522705, Avg Loss: 0.3097462651785463, Time taken: 750.4472696781158
Epoch 0, Batch 32/571, Loss: 0.3910035490989685, Avg Loss: 0.3122086071155288, Time taken: 751.9642555713654
Epoch 0, Batch 33/571, Loss: 0.2777785360813141, Avg Loss: 0.3111959579674637, Time taken: 750.9774804115295
Epoch 0, Batch 34/571, Loss: 0.9330434799194336, Avg Loss: 0.32896303002323424, Time taken: 748.6815371513367
Epoch 0, Batch 35/571, Loss: 0.6352177858352661, Avg Loss: 0.33747010657356846, Time taken: 748.3405163288116
Epoch 0, Batch 36/571, Loss: 0.1243773102760315, Avg Loss: 0.33171084180877014, Time taken: 750.5763387680054
Epoch 0, Batch 37/571, Loss: 0.08337672054767609, Avg Loss: 0.3251757333545308, Time taken: 749.6496376991272
Epoch 0, Batch 38/571, Loss: 0.15433722734451294, Avg Loss: 0.32079525884145343, Time taken: 750.5070178508759
Epoch 0, Batch 39/571, Loss: 0.14928051829338074, Avg Loss: 0.31650739032775166, Time taken: 750.2501919269562
Epoch 0, Batch 40/571, Loss: 0.1487249732017517, Avg Loss: 0.31241513625150774, Time taken: 750.9688007831573
Epoch 0, Batch 41/571, Loss: 0.4165535271167755, Avg Loss: 0.31489462174829985, Time taken: 751.328287601471
Epoch 0, Batch 42/571, Loss: 0.5018976330757141, Avg Loss: 0.31924352898847225, Time taken: 748.7690892219543
Epoch 0, Batch 43/571, Loss: 0.5143389701843262, Avg Loss: 0.32367751628837804, Time taken: 748.8208339214325
Epoch 0, Batch 44/571, Loss: 0.3094745874404907, Avg Loss: 0.3233618956473139, Time taken: 749.2854783535004
Epoch 0, Batch 45/571, Loss: 0.05235415697097778, Avg Loss: 0.31747042306739354, Time taken: 748.4925572872162
Epoch 0, Batch 46/571, Loss: 0.05707181245088577, Avg Loss: 0.31193002709682954, Time taken: 748.564740896225
Epoch 0, Batch 47/571, Loss: 0.020745858550071716, Avg Loss: 0.3058636902521054, Time taken: 747.9174692630768
Epoch 0, Batch 48/571, Loss: 0.09367600083351135, Avg Loss: 0.3015333292435627, Time taken: 749.5321531295776
Epoch 0, Batch 49/571, Loss: 0.1646382212638855, Avg Loss: 0.2987954270839691, Time taken: 749.3143887519836
Epoch 0, Batch 50/571, Loss: 0.22703883051872253, Avg Loss: 0.2973884349944545, Time taken: 752.9980599880219
Epoch 0, Batch 51/571, Loss: 0.16331666707992554, Avg Loss: 0.29481013176532894, Time taken: 751.0941286087036
Epoch 0, Batch 52/571, Loss: 0.22032280266284943, Avg Loss: 0.29340471046150857, Time taken: 749.9588408470154
Error loading batch 29298: Chunk 900 for video 8db05748-e83e-4422-ac45-de586be75f70 does not exist!
Epoch 0, Batch 53/571, Loss: 0.16864410042762756, Avg Loss: 0.2910943287942145, Time taken: 749.2276647090912
Epoch 0, Batch 54/571, Loss: 0.1751745492219925, Avg Loss: 0.2889866964383559, Time taken: 749.0903854370117
Epoch 0, Batch 55/571, Loss: 0.13971146941184998, Avg Loss: 0.2863210673843111, Time taken: 748.7023525238037
Epoch 0, Batch 56/571, Loss: 0.6167251467704773, Avg Loss: 0.29211763018055964, Time taken: 749.1673254966736
57: truncated batch: 511
Epoch 0, Batch 57/571, Loss: 0.4098093509674072, Avg Loss: 0.29414679778033287, Time taken: 747.559324502945
Epoch 0, Batch 58/571, Loss: 0.23226039111614227, Avg Loss: 0.2930978756334822, Time taken: 747.8198435306549
Epoch 0, Batch 59/571, Loss: 0.09606032073497772, Avg Loss: 0.2898139163851738, Time taken: 749.2567527294159
Epoch 0, Batch 60/571, Loss: 0.02519884705543518, Avg Loss: 0.28547596442894857, Time taken: 748.1537375450134
Epoch 0, Batch 61/571, Loss: 0.14484745264053345, Avg Loss: 0.28320776262590963, Time taken: 747.9012484550476
Epoch 0, Batch 62/571, Loss: 0.2140294760465622, Avg Loss: 0.2821096945849676, Time taken: 747.495836019516
Epoch 0, Batch 63/571, Loss: 0.20410633087158203, Avg Loss: 0.28089089202694595, Time taken: 747.1131143569946
Epoch 0, Batch 64/571, Loss: 0.1344945728778839, Avg Loss: 0.27863864096311425, Time taken: 748.4671890735626
Epoch 0, Batch 65/571, Loss: 0.0989970788359642, Avg Loss: 0.27591679911270284, Time taken: 747.6148457527161
Epoch 0, Batch 66/571, Loss: 0.10464226454496384, Avg Loss: 0.27336046277587095, Time taken: 749.7124574184418
Epoch 0, Batch 67/571, Loss: 0.025098711252212524, Avg Loss: 0.2697095546652289, Time taken: 749.3527331352234
Epoch 0, Batch 68/571, Loss: 0.3094855546951294, Avg Loss: 0.2702860184337782, Time taken: 750.8885378837585
Epoch 0, Batch 69/571, Loss: 0.29457542300224304, Avg Loss: 0.2706330099276134, Time taken: 750.3183376789093
Epoch 0, Batch 70/571, Loss: 0.5340298414230347, Avg Loss: 0.2743428244557179, Time taken: 747.2837963104248
Epoch 0, Batch 71/571, Loss: 0.36703717708587646, Avg Loss: 0.27563024602002567, Time taken: 747.0619990825653
Epoch 0, Batch 72/571, Loss: 0.5872244238853455, Avg Loss: 0.279898659415441, Time taken: 750.2519364356995
Epoch 0, Batch 73/571, Loss: 0.4010179340839386, Avg Loss: 0.28153540637042074, Time taken: 750.1642873287201
Epoch 0, Batch 74/571, Loss: 0.30727916955947876, Avg Loss: 0.2818786565462748, Time taken: 749.2600803375244
Epoch 0, Batch 75/571, Loss: 0.4737575054168701, Avg Loss: 0.28440337824194056, Time taken: 748.4795732498169
Epoch 0, Batch 76/571, Loss: 0.3690930902957916, Avg Loss: 0.2855032446322503, Time taken: 748.774135351181
Epoch 0, Batch 77/571, Loss: 0.2135811448097229, Avg Loss: 0.2845811664293974, Time taken: 749.9017822742462
Epoch 0, Batch 78/571, Loss: 0.12474332004785538, Avg Loss: 0.28255790255115004, Time taken: 747.0908994674683
Epoch 0, Batch 79/571, Loss: 0.09077087044715881, Avg Loss: 0.2801605646498501, Time taken: 746.8976354598999
Epoch 0, Batch 80/571, Loss: 0.03578900545835495, Avg Loss: 0.2771436318203255, Time taken: 748.4076809883118
Epoch 0, Batch 81/571, Loss: 0.10906022787094116, Avg Loss: 0.27509383421118666, Time taken: 748.2286882400513
Epoch 0, Batch 82/571, Loss: 0.2045234888792038, Avg Loss: 0.27424358908670493, Time taken: 747.4711344242096
Epoch 0, Batch 83/571, Loss: 0.15686677396297455, Avg Loss: 0.2728462460495177, Time taken: 746.8873269557953
Epoch 0, Batch 84/571, Loss: 0.19014909863471985, Avg Loss: 0.271873338432873, Time taken: 749.3111734390259
Epoch 0, Batch 85/571, Loss: 0.16897563636302948, Avg Loss: 0.27067685352508414, Time taken: 748.6058146953583
Epoch 0, Batch 86/571, Loss: 0.12711188197135925, Avg Loss: 0.2690266814382597, Time taken: 749.3640332221985
Epoch 0, Batch 87/571, Loss: 0.19678208231925964, Avg Loss: 0.26820572008463467, Time taken: 749.0513322353363
Epoch 0, Batch 88/571, Loss: 0.2331748902797699, Avg Loss: 0.2678121152553665, Time taken: 749.1988515853882
Epoch 0, Batch 89/571, Loss: 0.14568574726581573, Avg Loss: 0.2664551556110382, Time taken: 749.1029536724091
Epoch 0, Batch 90/571, Loss: 0.0781562477350235, Avg Loss: 0.2643859368431699, Time taken: 750.1270496845245
Epoch 0, Batch 91/571, Loss: 0.06475549191236496, Avg Loss: 0.26221604070261767, Time taken: 749.7578418254852
Epoch 0, Batch 92/571, Loss: 0.11806085705757141, Avg Loss: 0.2606659849644989, Time taken: 749.8799278736115
Epoch 0, Batch 93/571, Loss: 0.1542237251996994, Avg Loss: 0.25953362049891593, Time taken: 749.9284815788269
Epoch 0, Batch 94/571, Loss: 0.2857093811035156, Avg Loss: 0.25980915482106964, Time taken: 749.8550209999084
Epoch 0, Batch 95/571, Loss: 0.17347753047943115, Avg Loss: 0.2589098670675109, Time taken: 749.2376666069031
Epoch 0, Batch 96/571, Loss: 0.43147924542427063, Avg Loss: 0.26068893282376615, Time taken: 750.5126888751984
Epoch 0, Batch 97/571, Loss: 0.23556587100028992, Avg Loss: 0.2604325750500572, Time taken: 750.0161926746368
Epoch 0, Batch 98/571, Loss: 0.1261083483695984, Avg Loss: 0.2590757646795475, Time taken: 749.879974603653
Epoch 0, Batch 99/571, Loss: 0.24250957369804382, Avg Loss: 0.2589101027697325, Time taken: 749.5878460407257
Epoch 0, Batch 100/571, Loss: 0.21639718115329742, Avg Loss: 0.2584891827537282, Time taken: 753.7963724136353
Epoch 0, Batch 101/571, Loss: 0.2144317328929901, Avg Loss: 0.25805724697077975, Time taken: 751.9934163093567
Epoch 0, Batch 102/571, Loss: 0.11114419996738434, Avg Loss: 0.2566309067086109, Time taken: 750.3141486644745
Epoch 0, Batch 103/571, Loss: 0.1649547666311264, Avg Loss: 0.255749405361712, Time taken: 749.9286785125732
Epoch 0, Batch 104/571, Loss: 0.14373749494552612, Avg Loss: 0.25468262526251023, Time taken: 750.0281448364258
Epoch 0, Batch 105/571, Loss: 0.18864013254642487, Avg Loss: 0.2540595828783962, Time taken: 749.6618187427521
Epoch 0, Batch 106/571, Loss: 0.2874850034713745, Avg Loss: 0.2543719699867418, Time taken: 751.1215887069702
Epoch 0, Batch 107/571, Loss: 0.2328946888446808, Avg Loss: 0.2541731062724634, Time taken: 754.5822510719299
Epoch 0, Batch 108/571, Loss: 0.3123975992202759, Avg Loss: 0.2547072759325351, Time taken: 751.7864422798157
Epoch 0, Batch 109/571, Loss: 0.34506431221961975, Avg Loss: 0.25552870353514495, Time taken: 751.1509211063385
Epoch 0, Batch 110/571, Loss: 0.2615025043487549, Avg Loss: 0.2555825215604928, Time taken: 751.9849615097046
Epoch 0, Batch 111/571, Loss: 0.3769672214984894, Avg Loss: 0.2566663135242249, Time taken: 751.1833355426788
Epoch 0, Batch 112/571, Loss: 0.29580992460250854, Avg Loss: 0.25701271716208585, Time taken: 752.1168060302734
Epoch 0, Batch 113/571, Loss: 0.12470650672912598, Avg Loss: 0.25585213636881426, Time taken: 751.2173001766205
Epoch 0, Batch 114/571, Loss: 0.33275938034057617, Avg Loss: 0.256520895012047, Time taken: 749.3838589191437
Epoch 0, Batch 115/571, Loss: 0.27479296922683716, Avg Loss: 0.256678412893209, Time taken: 752.0314302444458
Epoch 0, Batch 116/571, Loss: 0.44617563486099243, Avg Loss: 0.25829804726900196, Time taken: 756.3609294891357
Epoch 0, Batch 117/571, Loss: 0.09481164813041687, Avg Loss: 0.2569125693102004, Time taken: 756.5163402557373
Epoch 0, Batch 118/571, Loss: 0.09588690847158432, Avg Loss: 0.25555941249643055, Time taken: 758.5493259429932
Epoch 0, Batch 119/571, Loss: 0.2347669005393982, Avg Loss: 0.25538614156345524, Time taken: 755.8639917373657
Epoch 0, Batch 120/571, Loss: 0.30623167753219604, Avg Loss: 0.2558063526045192, Time taken: 757.8271746635437
Epoch 0, Batch 121/571, Loss: 0.16172856092453003, Avg Loss: 0.2550352231645193, Time taken: 758.1551275253296
Epoch 0, Batch 122/571, Loss: 0.2602587342262268, Avg Loss: 0.2550776907341267, Time taken: 751.9620440006256
Epoch 0, Batch 123/571, Loss: 0.2864726185798645, Avg Loss: 0.25533087563610846, Time taken: 750.9483113288879
Epoch 0, Batch 124/571, Loss: 0.21000266075134277, Avg Loss: 0.2549682499170303, Time taken: 751.7120118141174
Epoch 0, Batch 125/571, Loss: 0.26817798614501953, Avg Loss: 0.25507308909344295, Time taken: 755.6777544021606
Epoch 0, Batch 126/571, Loss: 0.05691146105527878, Avg Loss: 0.2535127613136149, Time taken: 750.2544479370117
Epoch 0, Batch 127/571, Loss: 0.11088061332702637, Avg Loss: 0.25239844765746966, Time taken: 750.2493131160736
Epoch 0, Batch 128/571, Loss: 0.027600452303886414, Avg Loss: 0.2506558275384496, Time taken: 750.6738615036011
Epoch 0, Batch 129/571, Loss: 0.07038088142871857, Avg Loss: 0.2492690971837594, Time taken: 750.2798955440521
Epoch 0, Batch 130/571, Loss: 0.2205788791179657, Avg Loss: 0.24905008788554722, Time taken: 748.3061277866364
Epoch 0, Batch 131/571, Loss: 0.10253112763166428, Avg Loss: 0.24794009576241174, Time taken: 747.855729341507
Epoch 0, Batch 132/571, Loss: 0.008450829423964024, Avg Loss: 0.2461394245869347, Time taken: 764.0634164810181
Epoch 0, Batch 133/571, Loss: 0.06804324686527252, Avg Loss: 0.24481034863378798, Time taken: 815.1310434341431
Epoch 0, Batch 134/571, Loss: 0.13067832589149475, Avg Loss: 0.2439649262431043, Time taken: 790.3994705677032
Epoch 0, Batch 135/571, Loss: 0.09616142511367798, Avg Loss: 0.24287813579362325, Time taken: 777.2512488365173
Epoch 0, Batch 136/571, Loss: 0.010943002998828888, Avg Loss: 0.2411851786199386, Time taken: 761.3995280265808
Epoch 0, Batch 137/571, Loss: 0.04376024007797241, Avg Loss: 0.23975456312325769, Time taken: 761.5757150650024
Epoch 0, Batch 138/571, Loss: 0.12435764819383621, Avg Loss: 0.23892436949067192, Time taken: 762.7664952278137
Epoch 0, Batch 139/571, Loss: 0.25107699632644653, Avg Loss: 0.2390111739680703, Time taken: 760.7728118896484
Epoch 0, Batch 140/571, Loss: 0.46069276332855225, Avg Loss: 0.24058338382169075, Time taken: 762.1330649852753
Epoch 0, Batch 141/571, Loss: 0.03577031195163727, Avg Loss: 0.23914103824514107, Time taken: 761.5169882774353
Epoch 0, Batch 142/571, Loss: 0.004291491582989693, Avg Loss: 0.23749873372302813, Time taken: 762.7089509963989
Epoch 0, Batch 143/571, Loss: 0.03450344502925873, Avg Loss: 0.2360890442182103, Time taken: 765.3730795383453
Epoch 0, Batch 144/571, Loss: 0.13627521693706512, Avg Loss: 0.2354006729955817, Time taken: 766.1119940280914
Epoch 0, Batch 145/571, Loss: 0.04437095299363136, Avg Loss: 0.23409225025584232, Time taken: 764.9323465824127
Epoch 0, Batch 146/571, Loss: 0.0210568904876709, Avg Loss: 0.23264303012136497, Time taken: 766.3884904384613
Epoch 0, Batch 147/571, Loss: 0.014649055898189545, Avg Loss: 0.23117009786310028, Time taken: 765.9686055183411
Epoch 0, Batch 148/571, Loss: 0.0046653226017951965, Avg Loss: 0.22964993158617875, Time taken: 768.0236368179321
Epoch 0, Batch 149/571, Loss: 0.006551781669259071, Avg Loss: 0.22816261058673262, Time taken: 765.363852262497
Epoch 0, Batch 150/571, Loss: 0.19707238674163818, Avg Loss: 0.22795671506457968, Time taken: 768.8441588878632
Epoch 0, Batch 151/571, Loss: 0.046250127255916595, Avg Loss: 0.2267612769868911, Time taken: 765.8849458694458
Epoch 0, Batch 152/571, Loss: 0.012056592851877213, Avg Loss: 0.22535797839777338, Time taken: 767.1466970443726
Epoch 0, Batch 153/571, Loss: 0.10688310116529465, Avg Loss: 0.2245886610131469, Time taken: 767.5014972686768
Epoch 0, Batch 154/571, Loss: 0.09543323516845703, Avg Loss: 0.22375540020124565, Time taken: 767.3688673973083
Epoch 0, Batch 155/571, Loss: 0.12233735620975494, Avg Loss: 0.22310528453463355, Time taken: 766.6266434192657
Epoch 0, Batch 156/571, Loss: 0.2599164843559265, Avg Loss: 0.2233397507755335, Time taken: 768.5212771892548
Epoch 0, Batch 157/571, Loss: 0.3491128981113434, Avg Loss: 0.22413578335360823, Time taken: 766.9445328712463
Epoch 0, Batch 158/571, Loss: 0.21707378327846527, Avg Loss: 0.22409136825879603, Time taken: 763.8513848781586
Epoch 0, Batch 159/571, Loss: 0.13635876774787903, Avg Loss: 0.22354303950560278, Time taken: 759.4336607456207
Epoch 0, Batch 160/571, Loss: 0.16487854719161987, Avg Loss: 0.2231786637769445, Time taken: 757.9218378067017
Epoch 0, Batch 161/571, Loss: 0.3603045642375946, Avg Loss: 0.22402511995262753, Time taken: 759.517655134201
Epoch 0, Batch 162/571, Loss: 0.1732955425977707, Avg Loss: 0.2237138955516775, Time taken: 756.9406740665436
Epoch 0, Batch 163/571, Loss: 0.5286809206008911, Avg Loss: 0.2255734505824654, Time taken: 756.1154899597168
Epoch 0, Batch 164/571, Loss: 0.2172837108373642, Avg Loss: 0.22552320973552537, Time taken: 759.856342792511
Epoch 0, Batch 165/571, Loss: 0.24640816450119019, Avg Loss: 0.22564902271604143, Time taken: 758.1260361671448
Epoch 0, Batch 166/571, Loss: 0.3001658320426941, Avg Loss: 0.22609523115512317, Time taken: 759.5781490802765
Epoch 0, Batch 167/571, Loss: 0.20075199007987976, Avg Loss: 0.2259443785296753, Time taken: 757.4844613075256
Epoch 0, Batch 168/571, Loss: 0.14203934371471405, Avg Loss: 0.22544789903372878, Time taken: 758.8860173225403
Epoch 0, Batch 169/571, Loss: 0.03761659562587738, Avg Loss: 0.2243430090136826, Time taken: 758.0173375606537
Epoch 0, Batch 170/571, Loss: 0.01597025990486145, Avg Loss: 0.22312445492532693, Time taken: 758.116260766983
Epoch 0, Batch 171/571, Loss: 0.30205073952674866, Avg Loss: 0.22358332867300962, Time taken: 758.5548601150513
Epoch 0, Batch 172/571, Loss: 0.22046829760074615, Avg Loss: 0.22356532271305432, Time taken: 758.0319697856903
Epoch 0, Batch 173/571, Loss: 0.11592796444892883, Avg Loss: 0.22294671720578924, Time taken: 759.395975112915
Epoch 0, Batch 174/571, Loss: 0.17472311854362488, Avg Loss: 0.22267115378486257, Time taken: 759.0766201019287
Epoch 0, Batch 175/571, Loss: 0.19801118969917297, Avg Loss: 0.22253104035255752, Time taken: 759.1009001731873
Epoch 0, Batch 176/571, Loss: 0.0640774816274643, Avg Loss: 0.22163582250665306, Time taken: 759.749125957489
Epoch 0, Batch 177/571, Loss: 0.06352357566356659, Avg Loss: 0.22074755145697278, Time taken: 759.8485331535339
Epoch 0, Batch 178/571, Loss: 0.03445088118314743, Avg Loss: 0.21970678793588996, Time taken: 757.3713819980621
Epoch 0, Batch 179/571, Loss: 0.04425354301929474, Avg Loss: 0.21873204768635332, Time taken: 758.1877071857452
Epoch 0, Batch 180/571, Loss: 0.03320031613111496, Avg Loss: 0.21770701049544042, Time taken: 760.2905731201172
Epoch 0, Batch 181/571, Loss: 0.13958826661109924, Avg Loss: 0.21727778662794403, Time taken: 760.3178417682648
Epoch 0, Batch 182/571, Loss: 0.26904845237731934, Avg Loss: 0.21756068644078214, Time taken: 759.8443608283997
Epoch 0, Batch 183/571, Loss: 0.11216311156749725, Avg Loss: 0.21698787353386212, Time taken: 756.6157371997833
Epoch 0, Batch 184/571, Loss: 0.22422973811626434, Avg Loss: 0.21702701874782104, Time taken: 756.9286687374115
Epoch 0, Batch 185/571, Loss: 0.3055134117603302, Avg Loss: 0.21750275204358724, Time taken: 756.69762134552
Epoch 0, Batch 186/571, Loss: 0.08982857316732407, Avg Loss: 0.21682000242392807, Time taken: 759.059606552124
Epoch 0, Batch 187/571, Loss: 0.04400072991847992, Avg Loss: 0.215900750974431, Time taken: 759.0312991142273
Epoch 0, Batch 188/571, Loss: 0.10405190289020538, Avg Loss: 0.2153089581274245, Time taken: 759.3595008850098
Epoch 0, Batch 189/571, Loss: 0.17155387997627258, Avg Loss: 0.21507866824241845, Time taken: 758.5440435409546
Epoch 0, Batch 190/571, Loss: 0.10123434662818909, Avg Loss: 0.21448262467375756, Time taken: 773.3437583446503
Epoch 0, Batch 191/571, Loss: 0.07174830138683319, Avg Loss: 0.2137392167399715, Time taken: 774.2225885391235
Epoch 0, Batch 192/571, Loss: 0.08591119199991226, Avg Loss: 0.21307689536826135, Time taken: 767.6364896297455
Epoch 0, Batch 193/571, Loss: 0.07702179253101349, Avg Loss: 0.21237558040518276, Time taken: 771.1172897815704
Epoch 0, Batch 194/571, Loss: 0.15041789412498474, Avg Loss: 0.2120578486806689, Time taken: 771.8473477363586
Epoch 0, Batch 195/571, Loss: 0.19074320793151855, Avg Loss: 0.2119491005135814, Time taken: 774.0693702697754
Epoch 0, Batch 196/571, Loss: 0.07165247946977615, Avg Loss: 0.21123693492452655, Time taken: 772.0259721279144
Epoch 0, Batch 197/571, Loss: 0.01900610327720642, Avg Loss: 0.210266072138429, Time taken: 771.259819984436
Epoch 0, Batch 198/571, Loss: 0.04404810070991516, Avg Loss: 0.209430805950346, Time taken: 771.1454555988312
Epoch 0, Batch 199/571, Loss: 0.37270399928092957, Avg Loss: 0.21024717191699893, Time taken: 770.611444234848
Epoch 0, Batch 200/571, Loss: 0.2102336287498474, Avg Loss: 0.21024710453805787, Time taken: 773.6337685585022
Epoch 0, Batch 201/571, Loss: 0.18047045171260834, Avg Loss: 0.21009969536565465, Time taken: 757.7463109493256
Epoch 0, Batch 202/571, Loss: 0.05708824843168259, Avg Loss: 0.20934594439553655, Time taken: 758.9422655105591
Epoch 0, Batch 203/571, Loss: 0.08485566079616547, Avg Loss: 0.20873569790730437, Time taken: 755.6583082675934
Epoch 0, Batch 204/571, Loss: 0.1303897202014923, Avg Loss: 0.2083535224063004, Time taken: 756.1236889362335
Epoch 0, Batch 205/571, Loss: 0.1372447907924652, Avg Loss: 0.20800833438875752, Time taken: 756.1160359382629
Epoch 0, Batch 206/571, Loss: 0.22358393669128418, Avg Loss: 0.20808357884432527, Time taken: 755.5906248092651
Epoch 0, Batch 207/571, Loss: 0.23785197734832764, Avg Loss: 0.20822669614482528, Time taken: 757.3956801891327
Epoch 0, Batch 208/571, Loss: 0.1745106279850006, Avg Loss: 0.20806537524453902, Time taken: 756.9286391735077
Epoch 0, Batch 209/571, Loss: 0.2970675230026245, Avg Loss: 0.208489194995768, Time taken: 756.3927824497223
Epoch 0, Batch 210/571, Loss: 0.1866486817598343, Avg Loss: 0.20838568545436548, Time taken: 757.0794641971588
Epoch 0, Batch 211/571, Loss: 0.4194425940513611, Avg Loss: 0.2093812369100117, Time taken: 757.765109539032
Epoch 0, Batch 212/571, Loss: 0.10148578882217407, Avg Loss: 0.20887468551053828, Time taken: 757.5699088573456
Epoch 0, Batch 213/571, Loss: 0.05583728104829788, Avg Loss: 0.2081595574523035, Time taken: 758.0064725875854
Epoch 0, Batch 214/571, Loss: 0.1678541749715805, Avg Loss: 0.20797209055704433, Time taken: 755.8094129562378
Epoch 0, Batch 215/571, Loss: 0.08655253797769547, Avg Loss: 0.2074099629988066, Time taken: 756.3674194812775
Epoch 0, Batch 216/571, Loss: 0.13304013013839722, Avg Loss: 0.20706724487502592, Time taken: 761.3874273300171
Epoch 0, Batch 217/571, Loss: 0.012945279479026794, Avg Loss: 0.2061767771438516, Time taken: 763.3369488716125
Epoch 0, Batch 218/571, Loss: 0.37740910053253174, Avg Loss: 0.20695865989905105, Time taken: 762.789085149765
Epoch 0, Batch 219/571, Loss: 0.14763599634170532, Avg Loss: 0.20668901142833584, Time taken: 763.2257349491119
Epoch 0, Batch 220/571, Loss: 0.38238954544067383, Avg Loss: 0.20748403646911567, Time taken: 762.6408109664917
Epoch 0, Batch 221/571, Loss: 0.24071991443634033, Avg Loss: 0.20763374763113018, Time taken: 763.2540826797485
Epoch 0, Batch 222/571, Loss: 0.11645425856113434, Avg Loss: 0.20722487099852932, Time taken: 764.7713146209717
Epoch 0, Batch 223/571, Loss: 0.3804685175418854, Avg Loss: 0.20799828013488358, Time taken: 765.5906884670258
Epoch 0, Batch 224/571, Loss: 0.4593857526779175, Avg Loss: 0.2091155577906304, Time taken: 764.4890916347504
Epoch 0, Batch 225/571, Loss: 0.12310189008712769, Avg Loss: 0.2087349663406149, Time taken: 765.2887990474701
Epoch 0, Batch 226/571, Loss: 0.14147257804870605, Avg Loss: 0.2084386562600338, Time taken: 764.1767289638519
Epoch 0, Batch 227/571, Loss: 0.22280383110046387, Avg Loss: 0.2085016614128427, Time taken: 764.7141947746277
Epoch 0, Batch 228/571, Loss: 0.11378924548625946, Avg Loss: 0.20808807007691876, Time taken: 765.4557971954346
Epoch 0, Batch 229/571, Loss: 0.16668450832366943, Avg Loss: 0.20790805459103506, Time taken: 765.3646006584167
Epoch 0, Batch 230/571, Loss: 0.002661022124812007, Avg Loss: 0.2070195392989735, Time taken: 763.3622279167175
Epoch 0, Batch 231/571, Loss: 0.0020271819084882736, Avg Loss: 0.20613595155160072, Time taken: 762.2559776306152
Epoch 0, Batch 232/571, Loss: 0.002209722064435482, Avg Loss: 0.2052607316825571, Time taken: 763.9761190414429
Epoch 0, Batch 233/571, Loss: 0.0019249198958277702, Avg Loss: 0.20439177522193003, Time taken: 762.044703245163
Epoch 0, Batch 234/571, Loss: 0.0019308850169181824, Avg Loss: 0.20353023951892998, Time taken: 763.6528904438019
Epoch 0, Batch 235/571, Loss: 0.15827110409736633, Avg Loss: 0.203338463521381, Time taken: 766.4048817157745
Epoch 0, Batch 236/571, Loss: 0.04830262064933777, Avg Loss: 0.2026843038468154, Time taken: 766.895758152008
Epoch 0, Batch 237/571, Loss: 0.09885552525520325, Avg Loss: 0.20224804847458175, Time taken: 768.5442154407501
Epoch 0, Batch 238/571, Loss: 0.19449558854103088, Avg Loss: 0.20221561140373007, Time taken: 763.7883636951447
Epoch 0, Batch 239/571, Loss: 0.17110292613506317, Avg Loss: 0.20208597521511062, Time taken: 761.20929479599
Epoch 0, Batch 240/571, Loss: 0.11131472885608673, Avg Loss: 0.20170933103934705, Time taken: 757.8362917900085
Epoch 0, Batch 241/571, Loss: 0.06276877224445343, Avg Loss: 0.20113519649887227, Time taken: 759.2989490032196
Epoch 0, Batch 242/571, Loss: 0.2945338785648346, Avg Loss: 0.2015195532151931, Time taken: 760.4290187358856
Epoch 0, Batch 243/571, Loss: 0.2345420867204666, Avg Loss: 0.2016548914672639, Time taken: 759.2932801246643
Epoch 0, Batch 244/571, Loss: 0.10828021168708801, Avg Loss: 0.201273770325304, Time taken: 761.1632187366486
Epoch 0, Batch 245/571, Loss: 0.5202292203903198, Avg Loss: 0.20257033719548698, Time taken: 759.4432902336121
Epoch 0, Batch 246/571, Loss: 0.177625373005867, Avg Loss: 0.20246934543763426, Time taken: 753.0018544197083
Epoch 0, Batch 247/571, Loss: 0.137931227684021, Avg Loss: 0.20220911109185358, Time taken: 754.7045016288757
Epoch 0, Batch 248/571, Loss: 0.15848806500434875, Avg Loss: 0.20203352456138166, Time taken: 755.1770732402802
Epoch 0, Batch 249/571, Loss: 0.2643207609653473, Avg Loss: 0.20228267350699752, Time taken: 754.9569115638733
Epoch 0, Batch 250/571, Loss: 0.4754294753074646, Avg Loss: 0.20337090777711891, Time taken: 757.3204066753387
Epoch 0, Batch 251/571, Loss: 0.24618038535118103, Avg Loss: 0.20354078665638106, Time taken: 755.140368938446
Epoch 0, Batch 252/571, Loss: 0.08748184144496918, Avg Loss: 0.2030820556476403, Time taken: 755.2244565486908
Epoch 0, Batch 253/571, Loss: 0.012407630681991577, Avg Loss: 0.2023313689351771, Time taken: 755.6518585681915
Epoch 0, Batch 254/571, Loss: 0.021877408027648926, Avg Loss: 0.2016237063433829, Time taken: 749.5872881412506
Epoch 0, Batch 255/571, Loss: 0.018603231757879257, Avg Loss: 0.20090878261453327, Time taken: 747.7729911804199
Epoch 0, Batch 256/571, Loss: 0.02817559242248535, Avg Loss: 0.20023666903401946, Time taken: 749.9503588676453
Epoch 0, Batch 257/571, Loss: 0.01372520998120308, Avg Loss: 0.1995137564020318, Time taken: 769.1424536705017
Epoch 0, Batch 258/571, Loss: 0.09347786754369736, Avg Loss: 0.19910435142574479, Time taken: 768.7629182338715
Epoch 0, Batch 259/571, Loss: 0.0853038877248764, Avg Loss: 0.1986666573345876, Time taken: 765.6507329940796
Epoch 0, Batch 260/571, Loss: 0.22707419097423553, Avg Loss: 0.19877549845964373, Time taken: 767.7962522506714
Epoch 0, Batch 261/571, Loss: 0.10280756652355194, Avg Loss: 0.19840920864309375, Time taken: 768.6454524993896
Epoch 0, Batch 262/571, Loss: 0.0634070634841919, Avg Loss: 0.19789589250180517, Time taken: 769.9033954143524
Epoch 0, Batch 263/571, Loss: 0.471999853849411, Avg Loss: 0.1989341650826673, Time taken: 768.8962833881378
Epoch 0, Batch 264/571, Loss: 0.20202960073947906, Avg Loss: 0.1989458459719383, Time taken: 768.5176587104797
Epoch 0, Batch 265/571, Loss: 0.3509490191936493, Avg Loss: 0.19951728647277178, Time taken: 769.9082381725311
Epoch 0, Batch 266/571, Loss: 0.3249531686306, Avg Loss: 0.19998708378422433, Time taken: 769.9096302986145
Epoch 0, Batch 267/571, Loss: 0.12646375596523285, Avg Loss: 0.19971274300878034, Time taken: 754.1084048748016
Epoch 0, Batch 268/571, Loss: 0.14950428903102875, Avg Loss: 0.199526094480982, Time taken: 755.395245552063
Epoch 0, Batch 269/571, Loss: 0.06945788860321045, Avg Loss: 0.1990443603851384, Time taken: 755.6491816043854
Epoch 0, Batch 270/571, Loss: 0.1362456977367401, Avg Loss: 0.198812631002672, Time taken: 755.9577095508575
Epoch 0, Batch 271/571, Loss: 0.06567731499671936, Avg Loss: 0.1983231629291207, Time taken: 749.4638516902924
Epoch 0, Batch 272/571, Loss: 0.20849564671516418, Avg Loss: 0.1983604247744908, Time taken: 748.3743562698364
Epoch 0, Batch 273/571, Loss: 0.13733285665512085, Avg Loss: 0.1981376964236902, Time taken: 748.3242905139923
Error loading batch 142393: Chunk 2932 for video 4f7fb690-4ee7-4555-87bd-0fe6171b4239 does not exist!
Epoch 0, Batch 274/571, Loss: 0.06734336167573929, Avg Loss: 0.19766208066097038, Time taken: 747.760381937027
Epoch 0, Batch 275/571, Loss: 0.20604288578033447, Avg Loss: 0.1976924458969101, Time taken: 750.4392731189728
Epoch 0, Batch 276/571, Loss: 0.17836786806583405, Avg Loss: 0.19762268207802536, Time taken: 750.7468152046204
Epoch 0, Batch 277/571, Loss: 0.3782007694244385, Avg Loss: 0.19827224354330023, Time taken: 754.3244466781616
278: truncated batch: 511
Epoch 0, Batch 278/571, Loss: 0.007603230886161327, Avg Loss: 0.19758884206424238, Time taken: 750.8209426403046
Epoch 0, Batch 279/571, Loss: 0.029712796211242676, Avg Loss: 0.1969892847576245, Time taken: 752.3795568943024
Epoch 0, Batch 280/571, Loss: 0.3240089416503906, Avg Loss: 0.19744131200635323, Time taken: 750.3231914043427
Epoch 0, Batch 281/571, Loss: 0.10380831360816956, Avg Loss: 0.1971092800971398, Time taken: 750.2729861736298
Epoch 0, Batch 282/571, Loss: 0.35443490743637085, Avg Loss: 0.1976652010418014, Time taken: 750.3363876342773
Epoch 0, Batch 283/571, Loss: 0.22661466896533966, Avg Loss: 0.19776713578801103, Time taken: 753.2827472686768
Epoch 0, Batch 284/571, Loss: 0.11735054850578308, Avg Loss: 0.19748497232386286, Time taken: 752.5357992649078
Epoch 0, Batch 285/571, Loss: 0.07641825079917908, Avg Loss: 0.1970616621087416, Time taken: 753.584635257721
Epoch 0, Batch 286/571, Loss: 0.03179433196783066, Avg Loss: 0.19648581775284993, Time taken: 752.8217735290527
Epoch 0, Batch 287/571, Loss: 0.025249578058719635, Avg Loss: 0.19589124747613418, Time taken: 753.697669506073
Epoch 0, Batch 288/571, Loss: 0.010477607138454914, Avg Loss: 0.19524967778638444, Time taken: 753.2821056842804
Epoch 0, Batch 289/571, Loss: 0.03900960832834244, Avg Loss: 0.19471091892618428, Time taken: 753.2087590694427
Epoch 0, Batch 290/571, Loss: 0.061825305223464966, Avg Loss: 0.19425426733270415, Time taken: 753.0990636348724
Epoch 0, Batch 291/571, Loss: 0.13097283244132996, Avg Loss: 0.1940375500899255, Time taken: 753.4024939537048
Epoch 0, Batch 292/571, Loss: 0.370871901512146, Avg Loss: 0.19464108029955762, Time taken: 753.0854203701019
Epoch 0, Batch 293/571, Loss: 0.13886260986328125, Avg Loss: 0.19445135761099885, Time taken: 751.3102343082428
Epoch 0, Batch 294/571, Loss: 0.13280969858169556, Avg Loss: 0.19424240283462835, Time taken: 751.0397617816925
Epoch 0, Batch 295/571, Loss: 0.6780709028244019, Avg Loss: 0.19587695857783705, Time taken: 750.845739364624
Epoch 0, Batch 296/571, Loss: 0.27905261516571045, Avg Loss: 0.19615701129362112, Time taken: 750.5896608829498
Epoch 0, Batch 297/571, Loss: 0.27611619234085083, Avg Loss: 0.19642533069310847, Time taken: 750.9796350002289
Epoch 0, Batch 298/571, Loss: 0.0932898223400116, Avg Loss: 0.19608039588256299, Time taken: 750.6821675300598
Error loading batch 155178: Chunk 900 for video 994616c8-63b0-47bd-a526-0680f4acff9e does not exist!
Epoch 0, Batch 299/571, Loss: 0.10446535050868988, Avg Loss: 0.19577501239798342, Time taken: 751.6187131404877
Epoch 0, Batch 300/571, Loss: 0.08855843544006348, Avg Loss: 0.19541881114563153, Time taken: 753.8846905231476
Epoch 0, Batch 301/571, Loss: 0.32602936029434204, Avg Loss: 0.19585129640771334, Time taken: 753.0328545570374
Epoch 0, Batch 302/571, Loss: 0.32512959837913513, Avg Loss: 0.1962779574703253, Time taken: 750.936999797821
303: truncated batch: 511
Epoch 0, Batch 303/571, Loss: 0.20691412687301636, Avg Loss: 0.19631294486967626, Time taken: 749.3229787349701
Epoch 0, Batch 304/571, Loss: 0.19390396773815155, Avg Loss: 0.19630504658399914, Time taken: 750.5273122787476
Epoch 0, Batch 305/571, Loss: 0.26522061228752136, Avg Loss: 0.1965302608510041, Time taken: 751.5454964637756
Epoch 0, Batch 306/571, Loss: 0.30897220969200134, Avg Loss: 0.19689652127068163, Time taken: 750.9707639217377
Epoch 0, Batch 307/571, Loss: 0.2873075604438782, Avg Loss: 0.19719006360565952, Time taken: 753.1953754425049
Epoch 0, Batch 308/571, Loss: 0.15914860367774963, Avg Loss: 0.19706695208485722, Time taken: 752.8144872188568
Epoch 0, Batch 309/571, Loss: 0.27846723794937134, Avg Loss: 0.19732953365216213, Time taken: 753.6222825050354
Epoch 0, Batch 310/571, Loss: 0.28340595960617065, Avg Loss: 0.1976063067259692, Time taken: 752.808851480484
Epoch 0, Batch 311/571, Loss: 0.1278408169746399, Avg Loss: 0.19738269938702266, Time taken: 752.5549442768097
Epoch 0, Batch 312/571, Loss: 0.10912394523620605, Avg Loss: 0.19710072253670055, Time taken: 751.2522864341736
Epoch 0, Batch 313/571, Loss: 0.3596041202545166, Avg Loss: 0.1976182492810248, Time taken: 750.7762167453766
Epoch 0, Batch 314/571, Loss: 0.03902029991149902, Avg Loss: 0.19711476372747075, Time taken: 750.0215928554535
Epoch 0, Batch 315/571, Loss: 0.14927121996879578, Avg Loss: 0.1969633601079813, Time taken: 750.6537616252899
Epoch 0, Batch 316/571, Loss: 0.002255859551951289, Avg Loss: 0.19634914086332503, Time taken: 749.7412893772125
Epoch 0, Batch 317/571, Loss: 0.04870399460196495, Avg Loss: 0.19588484795055347, Time taken: 752.5920474529266
Epoch 0, Batch 318/571, Loss: 0.3431028723716736, Avg Loss: 0.19634634645971058, Time taken: 752.918883562088
Epoch 0, Batch 319/571, Loss: 0.18975116312503815, Avg Loss: 0.19632573651178972, Time taken: 754.6009149551392
Epoch 0, Batch 320/571, Loss: 0.32125139236450195, Avg Loss: 0.19671491300977326, Time taken: 753.5992934703827
Epoch 0, Batch 321/571, Loss: 0.15572895109653473, Avg Loss: 0.19658762741376942, Time taken: 753.7234916687012
Epoch 0, Batch 322/571, Loss: 0.1669440120458603, Avg Loss: 0.19649585151479756, Time taken: 751.4144172668457
Epoch 0, Batch 323/571, Loss: 0.13705986738204956, Avg Loss: 0.1963124071193261, Time taken: 754.2086486816406
Epoch 0, Batch 324/571, Loss: 0.4032619595527649, Avg Loss: 0.19694917497296746, Time taken: 753.2162964344025
Epoch 0, Batch 325/571, Loss: 0.5073649883270264, Avg Loss: 0.1979013707194523, Time taken: 751.6895115375519
Epoch 0, Batch 326/571, Loss: 0.10732204467058182, Avg Loss: 0.19762436972236094, Time taken: 750.7459428310394
Epoch 0, Batch 327/571, Loss: 0.001713039819151163, Avg Loss: 0.19702707908241215, Time taken: 750.7898864746094
Epoch 0, Batch 328/571, Loss: 0.11952921748161316, Avg Loss: 0.19679152327207536, Time taken: 752.9311919212341
Epoch 0, Batch 329/571, Loss: 0.06654234975576401, Avg Loss: 0.19639682880687442, Time taken: 753.6250281333923
Epoch 0, Batch 330/571, Loss: 0.10292094200849533, Avg Loss: 0.19611442431503642, Time taken: 751.6500408649445
Epoch 0, Batch 331/571, Loss: 0.15900607407093048, Avg Loss: 0.19600265217574694, Time taken: 751.4655222892761
Epoch 0, Batch 332/571, Loss: 0.11791086941957474, Avg Loss: 0.1957681423176203, Time taken: 751.3355576992035
Epoch 0, Batch 333/571, Loss: 0.13931649923324585, Avg Loss: 0.1955991254221581, Time taken: 750.8145353794098
Epoch 0, Batch 334/571, Loss: 0.23780864477157593, Avg Loss: 0.19572512398738026, Time taken: 753.8916523456573
Epoch 0, Batch 335/571, Loss: 0.09101242572069168, Avg Loss: 0.19541347905206272, Time taken: 754.824378490448
Epoch 0, Batch 336/571, Loss: 0.16174571216106415, Avg Loss: 0.19531357469927044, Time taken: 753.8905878067017
Epoch 0, Batch 337/571, Loss: 0.045727986842393875, Avg Loss: 0.19487101378845129, Time taken: 751.6285877227783
Epoch 0, Batch 338/571, Loss: 0.01936234161257744, Avg Loss: 0.1943532890917673, Time taken: 753.7317385673523
Epoch 0, Batch 339/571, Loss: 0.02901506796479225, Avg Loss: 0.1938670002060997, Time taken: 754.4508121013641
Epoch 0, Batch 340/571, Loss: 0.2019379734992981, Avg Loss: 0.19389066874948152, Time taken: 754.247757434845
Epoch 0, Batch 341/571, Loss: 0.11335569620132446, Avg Loss: 0.19365518637360973, Time taken: 753.8728530406952
Epoch 0, Batch 342/571, Loss: 0.21122248470783234, Avg Loss: 0.19370640298682903, Time taken: 750.7603597640991
Epoch 0, Batch 343/571, Loss: 0.16887597739696503, Avg Loss: 0.19363422151709106, Time taken: 751.6451187133789
Epoch 0, Batch 344/571, Loss: 0.22832141816616058, Avg Loss: 0.19373476411607388, Time taken: 750.9089362621307
Epoch 0, Batch 345/571, Loss: 0.17944902181625366, Avg Loss: 0.19369347584353103, Time taken: 751.4144487380981
Epoch 0, Batch 346/571, Loss: 0.20057067275047302, Avg Loss: 0.19371329485479022, Time taken: 753.5032525062561
Epoch 0, Batch 347/571, Loss: 0.31562283635139465, Avg Loss: 0.19406360962920577, Time taken: 753.0270795822144
Epoch 0, Batch 348/571, Loss: 0.10351356863975525, Avg Loss: 0.19380415392436492, Time taken: 750.2917883396149
Epoch 0, Batch 349/571, Loss: 0.10480064898729324, Avg Loss: 0.19354985819597328, Time taken: 752.9137551784515
Epoch 0, Batch 350/571, Loss: 0.10188648104667664, Avg Loss: 0.19328870897332573, Time taken: 754.319673538208
Epoch 0, Batch 351/571, Loss: 0.1676451414823532, Avg Loss: 0.19321585792931728, Time taken: 753.1150934696198
Epoch 0, Batch 352/571, Loss: 0.45687171816825867, Avg Loss: 0.19396275838325197, Time taken: 750.8983561992645
Epoch 0, Batch 353/571, Loss: 0.2574857175350189, Avg Loss: 0.19414220177068633, Time taken: 751.0682301521301
Epoch 0, Batch 354/571, Loss: 0.1508903205394745, Avg Loss: 0.19402036548552798, Time taken: 750.8656265735626
Epoch 0, Batch 355/571, Loss: 0.2814517617225647, Avg Loss: 0.1942659592951826, Time taken: 752.9742655754089
Epoch 0, Batch 356/571, Loss: 0.07716980576515198, Avg Loss: 0.19393795886512646, Time taken: 752.8512432575226
Epoch 0, Batch 357/571, Loss: 0.13402268290519714, Avg Loss: 0.19377059775909317, Time taken: 752.6101417541504
Epoch 0, Batch 358/571, Loss: 0.10248664021492004, Avg Loss: 0.1935163248968531, Time taken: 751.0062298774719
Epoch 0, Batch 359/571, Loss: 0.23168303072452545, Avg Loss: 0.1936223435241522, Time taken: 751.2800800800323
Epoch 0, Batch 360/571, Loss: 0.10636524111032486, Avg Loss: 0.19338063409918316, Time taken: 753.2594711780548
Epoch 0, Batch 361/571, Loss: 0.246698796749115, Avg Loss: 0.19352792184131004, Time taken: 753.2372710704803
Epoch 0, Batch 362/571, Loss: 0.33397531509399414, Avg Loss: 0.1939148292607389, Time taken: 753.4381902217865
Epoch 0, Batch 363/571, Loss: 0.23120392858982086, Avg Loss: 0.19401727184131332, Time taken: 753.5389471054077
Epoch 0, Batch 364/571, Loss: 0.1948261260986328, Avg Loss: 0.19401948788037446, Time taken: 753.1363973617554
Epoch 0, Batch 365/571, Loss: 0.11439603567123413, Avg Loss: 0.1938019374645025, Time taken: 753.0756759643555
Epoch 0, Batch 366/571, Loss: 0.2266857773065567, Avg Loss: 0.19389153920794133, Time taken: 750.7860956192017
Epoch 0, Batch 367/571, Loss: 0.032605044543743134, Avg Loss: 0.1934532606898321, Time taken: 752.9391005039215
Epoch 0, Batch 368/571, Loss: 0.007126451935619116, Avg Loss: 0.19294830998860119, Time taken: 753.3539419174194
Epoch 0, Batch 369/571, Loss: 0.010725554078817368, Avg Loss: 0.19245581605370987, Time taken: 753.0446538925171
Epoch 0, Batch 370/571, Loss: 0.0030452683568000793, Avg Loss: 0.19194527549387994, Time taken: 753.7144286632538
Epoch 0, Batch 371/571, Loss: 0.0993582159280777, Avg Loss: 0.19169638554881058, Time taken: 753.2651019096375
Epoch 0, Batch 372/571, Loss: 0.05982118099927902, Avg Loss: 0.19134283272160002, Time taken: 750.7849769592285
Epoch 0, Batch 373/571, Loss: 0.18553036451339722, Avg Loss: 0.19132729136275456, Time taken: 751.4326283931732
Epoch 0, Batch 374/571, Loss: 0.2159513235092163, Avg Loss: 0.19139295544847845, Time taken: 750.8213346004486
Epoch 0, Batch 375/571, Loss: 0.1931273490190506, Avg Loss: 0.19139756819733636, Time taken: 750.5551042556763
Epoch 0, Batch 376/571, Loss: 0.14635653793811798, Avg Loss: 0.19127809596853207, Time taken: 750.7713558673859
Epoch 0, Batch 377/571, Loss: 0.1608436405658722, Avg Loss: 0.1911975815362499, Time taken: 751.9257297515869
Epoch 0, Batch 378/571, Loss: 0.03376355767250061, Avg Loss: 0.19078218833344318, Time taken: 750.7487604618073
Epoch 0, Batch 379/571, Loss: 0.18085861206054688, Avg Loss: 0.19075607365904082, Time taken: 750.4167490005493
Epoch 0, Batch 380/571, Loss: 0.23541788756847382, Avg Loss: 0.190873296267727, Time taken: 749.3154015541077
Epoch 0, Batch 381/571, Loss: 0.15424656867980957, Avg Loss: 0.19077741478189475, Time taken: 751.7250852584839
Epoch 0, Batch 382/571, Loss: 0.13550584018230438, Avg Loss: 0.19063310257667387, Time taken: 751.3214237689972
Epoch 0, Batch 383/571, Loss: 0.1850549578666687, Avg Loss: 0.19061857615815825, Time taken: 749.1932983398438
Epoch 0, Batch 384/571, Loss: 0.10846330970525742, Avg Loss: 0.19040518585568317, Time taken: 750.3768689632416
Epoch 0, Batch 385/571, Loss: 0.2590102553367615, Avg Loss: 0.19058291919630774, Time taken: 750.6471548080444
Epoch 0, Batch 386/571, Loss: 0.2842136025428772, Avg Loss: 0.19082485894655726, Time taken: 749.6065137386322
Epoch 0, Batch 387/571, Loss: 0.1944114714860916, Avg Loss: 0.19083410279330865, Time taken: 750.5858371257782
Epoch 0, Batch 388/571, Loss: 0.265775203704834, Avg Loss: 0.19102675343832543, Time taken: 749.6688656806946
Epoch 0, Batch 389/571, Loss: 0.2772253155708313, Avg Loss: 0.19124777539251134, Time taken: 751.1946215629578
Epoch 0, Batch 390/571, Loss: 0.13824477791786194, Avg Loss: 0.191112217854213, Time taken: 747.9567472934723
Epoch 0, Batch 391/571, Loss: 0.04226124286651611, Avg Loss: 0.19073249597924438, Time taken: 749.1309111118317
Epoch 0, Batch 392/571, Loss: 0.04018456116318703, Avg Loss: 0.19034942235375824, Time taken: 747.4134237766266
Epoch 0, Batch 393/571, Loss: 0.06615783274173737, Avg Loss: 0.19003421527352468, Time taken: 750.3507013320923
Epoch 0, Batch 394/571, Loss: 0.06761319190263748, Avg Loss: 0.18972428863207938, Time taken: 751.2759127616882
Epoch 0, Batch 395/571, Loss: 0.09305886179208755, Avg Loss: 0.1894801840188471, Time taken: 752.7373807430267
Epoch 0, Batch 396/571, Loss: 0.02662883698940277, Avg Loss: 0.1890699791144908, Time taken: 752.298832654953
Epoch 0, Batch 397/571, Loss: 0.06336044520139694, Avg Loss: 0.18875412601420666, Time taken: 753.0438151359558
Error loading batch 206304: Chunk 354 for video e8a47631-b7e6-4c7d-bf0f-a37bf1ec913a does not exist!
Epoch 0, Batch 398/571, Loss: 0.14918401837348938, Avg Loss: 0.1886549528120996, Time taken: 752.4109652042389
Epoch 0, Batch 399/571, Loss: 0.337801456451416, Avg Loss: 0.1890278190711979, Time taken: 752.3429226875305
Epoch 0, Batch 400/571, Loss: 0.3742702603340149, Avg Loss: 0.1894897702962922, Time taken: 751.5689449310303
Epoch 0, Batch 401/571, Loss: 0.43295714259147644, Avg Loss: 0.1900954105258822, Time taken: 751.1733131408691
402: truncated batch: 511
Epoch 0, Batch 402/571, Loss: 0.17355898022651672, Avg Loss: 0.1900543772000773, Time taken: 751.2070353031158
Epoch 0, Batch 403/571, Loss: 0.1851232498884201, Avg Loss: 0.1900421714394049, Time taken: 753.3064970970154
Epoch 0, Batch 404/571, Loss: 0.3241855204105377, Avg Loss: 0.19037338958501263, Time taken: 752.8723163604736
Epoch 0, Batch 405/571, Loss: 0.08805015683174133, Avg Loss: 0.19012136191813267, Time taken: 753.5605247020721
Epoch 0, Batch 406/571, Loss: 0.24012011289596558, Avg Loss: 0.19024420897213226, Time taken: 750.7842509746552
Epoch 0, Batch 407/571, Loss: 0.20712894201278687, Avg Loss: 0.1902855931217417, Time taken: 751.7147812843323
Epoch 0, Batch 408/571, Loss: 0.21327698230743408, Avg Loss: 0.1903418067872324, Time taken: 752.1752321720123
Epoch 0, Batch 409/571, Loss: 0.0636771023273468, Avg Loss: 0.19003286848367168, Time taken: 752.9874579906464
Epoch 0, Batch 410/571, Loss: 0.09342440962791443, Avg Loss: 0.18979781140616378, Time taken: 752.7305080890656
Epoch 0, Batch 411/571, Loss: 0.06789392232894897, Avg Loss: 0.1895019281802482, Time taken: 753.2453775405884
Error loading batch 213380: Chunk 1388 for video 91e3e6ce-bc01-4720-a490-e319dd380509 does not exist!
Epoch 0, Batch 412/571, Loss: 0.09795904159545898, Avg Loss: 0.18928027470183467, Time taken: 750.5206713676453
Epoch 0, Batch 413/571, Loss: 0.0895540788769722, Avg Loss: 0.18903939017085675, Time taken: 751.0734152793884
Epoch 0, Batch 414/571, Loss: 0.1795760691165924, Avg Loss: 0.18901658698759344, Time taken: 751.9916112422943
Epoch 0, Batch 415/571, Loss: 0.2025444656610489, Avg Loss: 0.18904910592671234, Time taken: 752.2121391296387
416: truncated batch: 511
Epoch 0, Batch 416/571, Loss: 0.24856363236904144, Avg Loss: 0.18919182661362438, Time taken: 750.9351661205292
Epoch 0, Batch 417/571, Loss: 0.20572353899478912, Avg Loss: 0.1892313761647755, Time taken: 752.203155040741
Epoch 0, Batch 418/571, Loss: 0.034126318991184235, Avg Loss: 0.18886119703070967, Time taken: 750.8199489116669
Epoch 0, Batch 419/571, Loss: 0.006416806951165199, Avg Loss: 0.18842680562575836, Time taken: 750.6885221004486
Epoch 0, Batch 420/571, Loss: 0.07436362653970718, Avg Loss: 0.18815587170868936, Time taken: 752.179799079895
Epoch 0, Batch 421/571, Loss: 0.0761946588754654, Avg Loss: 0.18789056077780494, Time taken: 750.9211733341217
Epoch 0, Batch 422/571, Loss: 0.08475305885076523, Avg Loss: 0.18764673689618072, Time taken: 751.1386029720306
Epoch 0, Batch 423/571, Loss: 0.2641305923461914, Avg Loss: 0.18782712334771376, Time taken: 750.7991940975189
Epoch 0, Batch 424/571, Loss: 0.37474244832992554, Avg Loss: 0.1882669241123778, Time taken: 752.6270473003387
Epoch 0, Batch 425/571, Loss: 0.31245580315589905, Avg Loss: 0.1885584473026208, Time taken: 753.6682753562927
Epoch 0, Batch 426/571, Loss: 0.18588240444660187, Avg Loss: 0.1885521802233327, Time taken: 751.2701303958893
Epoch 0, Batch 427/571, Loss: 0.18974125385284424, Avg Loss: 0.18855495843274744, Time taken: 752.7662787437439
Epoch 0, Batch 428/571, Loss: 0.2527993321418762, Avg Loss: 0.18870471221761723, Time taken: 752.263475894928
Epoch 0, Batch 429/571, Loss: 0.15856769680976868, Avg Loss: 0.18863462613527338, Time taken: 752.6864624023438
Epoch 0, Batch 430/571, Loss: 0.0027690082788467407, Avg Loss: 0.18820338340242784, Time taken: 749.942883014679
Epoch 0, Batch 431/571, Loss: 0.1198577880859375, Avg Loss: 0.1880451760058619, Time taken: 752.6254417896271
Epoch 0, Batch 432/571, Loss: 0.028250690549612045, Avg Loss: 0.18767613562374585, Time taken: 750.5640072822571
Epoch 0, Batch 433/571, Loss: 0.021983131766319275, Avg Loss: 0.18729435450886697, Time taken: 750.6044201850891
Epoch 0, Batch 434/571, Loss: 0.07188637554645538, Avg Loss: 0.18702904881010282, Time taken: 752.6588768959045
Epoch 0, Batch 435/571, Loss: 0.24528537690639496, Avg Loss: 0.18716266424151634, Time taken: 752.8540148735046
Epoch 0, Batch 436/571, Loss: 0.16926082968711853, Avg Loss: 0.18712169894505318, Time taken: 751.2490470409393
Epoch 0, Batch 437/571, Loss: 0.1388387233018875, Avg Loss: 0.18701146384084505, Time taken: 750.6663928031921
Epoch 0, Batch 438/571, Loss: 0.1260814666748047, Avg Loss: 0.18687267113659436, Time taken: 750.949506521225
Epoch 0, Batch 439/571, Loss: 0.16047179698944092, Avg Loss: 0.1868126691498963, Time taken: 752.3462975025177
Epoch 0, Batch 440/571, Loss: 0.08810579776763916, Avg Loss: 0.18658884404472112, Time taken: 752.2825193405151
Epoch 0, Batch 441/571, Loss: 0.19049227237701416, Avg Loss: 0.18659767533054078, Time taken: 752.832515001297
Epoch 0, Batch 442/571, Loss: 0.15358731150627136, Avg Loss: 0.1865231598365808, Time taken: 750.5639021396637
Epoch 0, Batch 443/571, Loss: 0.12694568932056427, Avg Loss: 0.1863889763444276, Time taken: 751.0560278892517
Epoch 0, Batch 444/571, Loss: 0.2755047082901001, Avg Loss: 0.18658923641621564, Time taken: 750.934629201889
Epoch 0, Batch 445/571, Loss: 0.10026083141565323, Avg Loss: 0.18639567497002604, Time taken: 752.4990890026093
Epoch 0, Batch 446/571, Loss: 0.06353411823511124, Avg Loss: 0.18612081690126783, Time taken: 750.5843360424042
Epoch 0, Batch 447/571, Loss: 0.05310678482055664, Avg Loss: 0.1858239105796591, Time taken: 751.0783700942993
Epoch 0, Batch 448/571, Loss: 0.3692494332790375, Avg Loss: 0.18623243067475795, Time taken: 750.8910779953003
Epoch 0, Batch 449/571, Loss: 0.24160009622573853, Avg Loss: 0.1863554699315379, Time taken: 750.8271996974945
Epoch 0, Batch 450/571, Loss: 0.08946051448583603, Avg Loss: 0.18614062524097094, Time taken: 756.4284293651581
Epoch 0, Batch 451/571, Loss: 0.0031818533316254616, Avg Loss: 0.1857358491969237, Time taken: 753.5580694675446
Epoch 0, Batch 452/571, Loss: 0.0015509841032326221, Avg Loss: 0.18532926009075662, Time taken: 752.6307506561279
Epoch 0, Batch 453/571, Loss: 0.0016139810904860497, Avg Loss: 0.18492460088591023, Time taken: 752.5516352653503
Epoch 0, Batch 454/571, Loss: 0.029368549585342407, Avg Loss: 0.1845827194544804, Time taken: 750.706396818161
Epoch 0, Batch 455/571, Loss: 0.13562557101249695, Avg Loss: 0.18447535728684447, Time taken: 752.9130973815918
Epoch 0, Batch 456/571, Loss: 0.1967012882232666, Avg Loss: 0.18450210987095042, Time taken: 752.907675743103
Epoch 0, Batch 457/571, Loss: 0.12609677016735077, Avg Loss: 0.18437458729517836, Time taken: 752.2278366088867
Epoch 0, Batch 458/571, Loss: 0.09929854422807693, Avg Loss: 0.18418923643882304, Time taken: 751.5292241573334
Epoch 0, Batch 459/571, Loss: 0.14843419194221497, Avg Loss: 0.1841115080812217, Time taken: 752.2668132781982
Epoch 0, Batch 460/571, Loss: 0.13053612411022186, Avg Loss: 0.18399529249777052, Time taken: 751.2735769748688
Epoch 0, Batch 461/571, Loss: 0.04483156278729439, Avg Loss: 0.183694072303592, Time taken: 753.3597478866577
Epoch 0, Batch 462/571, Loss: 0.05741794779896736, Avg Loss: 0.18342133769343083, Time taken: 751.3564689159393
Epoch 0, Batch 463/571, Loss: 0.07831630110740662, Avg Loss: 0.1831948182180299, Time taken: 753.4414827823639
Epoch 0, Batch 464/571, Loss: 0.11618372797966003, Avg Loss: 0.18305070834654955, Time taken: 752.8192307949066
Epoch 0, Batch 465/571, Loss: 0.10864758491516113, Avg Loss: 0.18289104499154657, Time taken: 753.7779552936554
Epoch 0, Batch 466/571, Loss: 0.08466274291276932, Avg Loss: 0.18268070601493247, Time taken: 753.3377537727356
Epoch 0, Batch 467/571, Loss: 0.07991798222064972, Avg Loss: 0.18246112754528657, Time taken: 752.9922592639923
Epoch 0, Batch 468/571, Loss: 0.12454614788293839, Avg Loss: 0.1823376414479255, Time taken: 750.5967316627502
Epoch 0, Batch 469/571, Loss: 0.2598283886909485, Avg Loss: 0.18250251537822978, Time taken: 752.6297795772552
Epoch 0, Batch 470/571, Loss: 0.28939229249954224, Avg Loss: 0.18272945758018588, Time taken: 752.380618095398
Epoch 0, Batch 471/571, Loss: 0.1792984902858734, Avg Loss: 0.18272218858168096, Time taken: 752.2863154411316
Epoch 0, Batch 472/571, Loss: 0.24910259246826172, Avg Loss: 0.18286252770194858, Time taken: 750.673403263092
Epoch 0, Batch 473/571, Loss: 0.1490650773048401, Avg Loss: 0.18279122506398, Time taken: 751.0735998153687
Epoch 0, Batch 474/571, Loss: 0.020523004233837128, Avg Loss: 0.18244960775696917, Time taken: 750.9944047927856
Epoch 0, Batch 475/571, Loss: 0.11408233642578125, Avg Loss: 0.18230597903568516, Time taken: 750.9892952442169
Error loading batch 246223: Chunk 531 for video adf4d8c5-2c49-4d25-9a20-7dc29bbda0ce does not exist!

Process group initialized for rank 1 with 2.
Process group initialized for rank 0 with 2.
Using device: cuda:1.
Using device: cuda:0.
Dataset size: 291898; Batch size: 512; Number of bathces: 286; loading on: cpu.
Initial lr: 1e-05; decreasing every 30; by scale 0.8; validate every 140
Total loss loaded from txt.
Total loss loaded from txt.
Model loaded from 0-449
Error loading batch 213380: Chunk 1388 for video 91e3e6ce-bc01-4720-a490-e319dd380509 does not exist!
Skip Trained batch
Skip Trained batch
Skip Trained batch
Skip Trained batch
Skip Trained batch
Skip Trained batch
Skip Trained batch
Skip Trained batch
Skip Trained batch
Skip Trained batch
Skip Trained batch
Skip Trained batch
Skip Trained batch
Skip Trained batch
Skip Trained batch
Skip Trained batch
Skip Trained batch
Skip Trained batch
Skip Trained batch
Skip Trained batch
Skip Trained batch
Skip Trained batch
Skip Trained batch
Skip Trained batch
Skip Trained batch
Skip Trained batch
Skip Trained batch
Skip Trained batch
Skip Trained batch
Skip Trained batch
Skip Trained batch
Skip Trained batch
Skip Trained batch
Skip Trained batch
Error loading batch 155178: Chunk 900 for video 994616c8-63b0-47bd-a526-0680f4acff9e does not exist!
Skip Trained batch
Skip Trained batch
Skip Trained batch
Skip Trained batch
Skip Trained batch
Skip Trained batch
Skip Trained batch
Skip Trained batch
Skip Trained batch
Skip Trained batch
Skip Trained batch
Skip Trained batch
Skip Trained batch
Skip Trained batch
Skip Trained batch
Skip Trained batch
Skip Trained batch
Skip Trained batch
Skip Trained batch
Skip Trained batch
Skip Trained batch
Skip Trained batch
Skip Trained batch
Skip Trained batch
Skip Trained batch
Skip Trained batch
Skip Trained batch
Skip Trained batch
Skip Trained batch
Skip Trained batch
Skip Trained batch
Skip Trained batch
Skip Trained batch
Skip Trained batch
Skip Trained batch
Skip Trained batch
Skip Trained batch
Skip Trained batch
Skip Trained batch
Skip Trained batch
Skip Trained batch
Skip Trained batch
Skip Trained batch
Skip Trained batch
Skip Trained batch
Skip Trained batch
Skip Trained batch
Skip Trained batch
Skip Trained batch
Skip Trained batch
Skip Trained batch
Skip Trained batch
Skip Trained batch
Skip Trained batch
Skip Trained batch
Skip Trained batch
Skip Trained batch
Skip Trained batch
Skip Trained batch
Skip Trained batch
Skip Trained batch
Skip Trained batch
Skip Trained batch
Skip Trained batch
Skip Trained batch
Skip Trained batch
Skip Trained batch
Skip Trained batch
Skip Trained batch
Skip Trained batch
Skip Trained batch
Skip Trained batch
Skip Trained batch
Skip Trained batch
Skip Trained batch
Skip Trained batch
Skip Trained batch
Skip Trained batch
Skip Trained batch
Skip Trained batch
Skip Trained batch
Skip Trained batch
Skip Trained batch
Skip Trained batch
Skip Trained batch
Skip Trained batch
Skip Trained batch
Skip Trained batch
Skip Trained batch
Skip Trained batch
Skip Trained batch
Skip Trained batch
Skip Trained batch
Skip Trained batch
Skip Trained batch
Skip Trained batch
Skip Trained batch
Skip Trained batch
Skip Trained batch
Skip Trained batch
Skip Trained batch
Skip Trained batch
Skip Trained batch
Skip Trained batch
Skip Trained batch
Skip Trained batch
Skip Trained batch
Skip Trained batch
Skip Trained batch
Skip Trained batch
Skip Trained batch
Skip Trained batch
Skip Trained batch
Skip Trained batch
Skip Trained batch
Skip Trained batch
Skip Trained batch
Skip Trained batch
Skip Trained batch
Skip Trained batch
Skip Trained batch
Skip Trained batch
Skip Trained batch
Skip Trained batch
Skip Trained batch
Skip Trained batch
Skip Trained batch
Skip Trained batch
Skip Trained batch
Skip Trained batch
Skip Trained batch
Skip Trained batch
Skip Trained batch
Skip Trained batch
Skip Trained batch
Skip Trained batch
Skip Trained batch
Skip Trained batch
Skip Trained batch
Skip Trained batch
Skip Trained batch
Skip Trained batch
Error loading batch 246223: Chunk 531 for video adf4d8c5-2c49-4d25-9a20-7dc29bbda0ce does not exist!
Error loading batch 206304: Chunk 354 for video e8a47631-b7e6-4c7d-bf0f-a37bf1ec913a does not exist!
Skip Trained batch
Skip Trained batch
Skip Trained batch
Skip Trained batch
Error loading batch 29298: Chunk 900 for video 8db05748-e83e-4422-ac45-de586be75f70 does not exist!
Skip Trained batch
Skip Trained batch
Skip Trained batch
Skip Trained batch
Skip Trained batch
Skip Trained batch
Skip Trained batch
Skip Trained batch
Skip Trained batch
Skip Trained batch
Skip Trained batch
Skip Trained batch
Error loading batch 8068: Chunk 354 for video 55e6a9ac-9a1d-47f7-be3d-eea1296d1627 does not exist!
Skip Trained batch
Skip Trained batch
Skip Trained batch
Skip Trained batch
Skip Trained batch
Skip Trained batch
Skip Trained batch
Skip Trained batch
Error loading batch 142393: Chunk 2932 for video 4f7fb690-4ee7-4555-87bd-0fe6171b4239 does not exist!
Skip Trained batch
Skip Trained batch
Skip Trained batch
Skip Trained batch
Skip Trained batch
Skip Trained batch
Skip Trained batch
Skip Trained batch
Skip Trained batch
Skip Trained batch
Skip Trained batch
Skip Trained batch
Skip Trained batch
Skip Trained batch
Skip Trained batch
Skip Trained batch
Skip Trained batch
Skip Trained batch
Skip Trained batch
Skip Trained batch
Skip Trained batch
Skip Trained batch
Skip Trained batch
Skip Trained batch
Skip Trained batch
Skip Trained batch
Skip Trained batch
Skip Trained batch
Skip Trained batch
Skip Trained batch
Skip Trained batch
Skip Trained batch
Skip Trained batch
Skip Trained batch
Skip Trained batch
Skip Trained batch
Skip Trained batch
Skip Trained batch
Skip Trained batch
Skip Trained batch
Skip Trained batch
Skip Trained batch
Skip Trained batch
Skip Trained batch
Skip Trained batch
Skip Trained batch
Skip Trained batch
Skip Trained batch
Skip Trained batch
Skip Trained batch
Skip Trained batch
Skip Trained batch
Skip Trained batch
Skip Trained batch
Skip Trained batch
Skip Trained batch
Skip Trained batch
Skip Trained batch
Skip Trained batch
Skip Trained batch
Skip Trained batch
Skip Trained batch
Skip Trained batch
Skip Trained batch
Skip Trained batch
Skip Trained batch
Skip Trained batch
Skip Trained batch
Skip Trained batch
Skip Trained batch
Skip Trained batch
Skip Trained batch
Skip Trained batch
Skip Trained batch
Skip Trained batch
Skip Trained batch
Skip Trained batch
Skip Trained batch
Skip Trained batch
Skip Trained batch
Skip Trained batch
Skip Trained batch
Skip Trained batch
Skip Trained batch
Skip Trained batch
Finished!!!Error loading batch 8068: Chunk 354 for video 55e6a9ac-9a1d-47f7-be3d-eea1296d1627 does not exist!
[Rank 1] 25: truncated batch: 511
[Rank 0] Epoch 0, Batch 284/286, Val Loss: 0.1880736912558906
Finished!!![Rank 0] Epoch 1, Batch 0/286, Loss: 0.17851975560188293, Avg Loss: 0.18232624126527802, Time taken: 2027.1486580371857
[Rank 0] Epoch 1, Batch 1/286, Loss: 0.15301792323589325, Avg Loss: 0.18226479825054137, Time taken: 2015.8948271274567
[Rank 0] Epoch 1, Batch 2/286, Loss: 0.16690419614315033, Avg Loss: 0.18223266309968908, Time taken: 2030.2358872890472
[Rank 0] Epoch 1, Batch 3/286, Loss: 0.11439548432826996, Avg Loss: 0.18209104059703476, Time taken: 2040.763881444931
[Rank 0] Epoch 1, Batch 4/286, Loss: 0.158346027135849, Avg Loss: 0.18204157181899064, Time taken: 2043.0097117424011
[Rank 0] Epoch 1, Batch 5/286, Loss: 0.13806110620498657, Avg Loss: 0.18195013633954363, Time taken: 2046.1984677314758
[Rank 0] Epoch 1, Batch 6/286, Loss: 0.1302454173564911, Avg Loss: 0.18184286513833398, Time taken: 2039.8205194473267
[Rank 0] Epoch 1, Batch 7/286, Loss: 0.14554384350776672, Avg Loss: 0.18176771188444046, Time taken: 2038.0768826007843
[Rank 0] Epoch 1, Batch 8/286, Loss: 0.12786667048931122, Avg Loss: 0.181656346096434, Time taken: 2040.4137377738953
[Rank 0] Epoch 1, Batch 9/286, Loss: 0.1676618605852127, Avg Loss: 0.18162749148713253, Time taken: 2037.299793958664
[Rank 0] Epoch 1, Batch 10/286, Loss: 0.13562779128551483, Avg Loss: 0.18153284189824032, Time taken: 2032.8791847229004
[Rank 0] Epoch 1, Batch 11/286, Loss: 0.17413224279880524, Avg Loss: 0.18151764559618808, Time taken: 2029.990416765213
[Rank 0] Epoch 1, Batch 12/286, Loss: 0.12027640640735626, Avg Loss: 0.181392151253588, Time taken: 2028.9185118675232
[Rank 0] Epoch 1, Batch 13/286, Loss: 0.12247142940759659, Avg Loss: 0.18127165897987432, Time taken: 2031.788003206253
[Rank 0] Epoch 1, Batch 14/286, Loss: 0.1359049379825592, Avg Loss: 0.18117907383498186, Time taken: 2031.508535861969
[Rank 0] Epoch 1, Batch 15/286, Loss: 0.1430952101945877, Avg Loss: 0.18110150995791383, Time taken: 2032.9287955760956
[Rank 0] Epoch 1, Batch 16/286, Loss: 0.1813851296901703, Avg Loss: 0.18110208642078426, Time taken: 2036.8629813194275
[Rank 0] Epoch 1, Batch 17/286, Loss: 0.12006790935993195, Avg Loss: 0.18097828484459594, Time taken: 2034.519274711609
[Rank 0] Epoch 1, Batch 18/286, Loss: 0.17361555993556976, Avg Loss: 0.18096338054316066, Time taken: 2030.5023951530457
[Rank 0] Epoch 1, Batch 19/286, Loss: 0.14764299988746643, Avg Loss: 0.18089606664284613, Time taken: 2025.8342113494873
[Rank 0] Epoch 1, Batch 20/286, Loss: 0.13982602953910828, Avg Loss: 0.18081326414868537, Time taken: 2023.7376396656036
[Rank 0] Epoch 1, Batch 21/286, Loss: 0.18899624049663544, Avg Loss: 0.18082972888982812, Time taken: 2021.396000623703
[Rank 0] Epoch 1, Batch 22/286, Loss: 0.15047454833984375, Avg Loss: 0.1807687747120169, Time taken: 2016.298085451126
[Rank 0] Epoch 1, Batch 23/286, Loss: 0.13857421278953552, Avg Loss: 0.18068421647169128, Time taken: 2012.415390253067
[Rank 0] Epoch 1, Batch 24/286, Loss: 0.11605282127857208, Avg Loss: 0.18055495368130506, Time taken: 2016.628984928131
[Rank 0] Epoch 1, Batch 25/286, Loss: 0.15549679100513458, Avg Loss: 0.18050493738853823, Time taken: 2014.319491147995
[Rank 0] Epoch 1, Batch 26/286, Loss: 0.14912067353725433, Avg Loss: 0.1804424189346512, Time taken: 2020.5309660434723
[Rank 0] Epoch 1, Batch 27/286, Loss: 0.15310217440128326, Avg Loss: 0.18038806457176182, Time taken: 2018.5684950351715
[Rank 0] Epoch 1, Batch 28/286, Loss: 0.18921515345573425, Avg Loss: 0.1804055786370078, Time taken: 2019.7920327186584
[Rank 0] Epoch 1, Batch 29/286, Loss: 0.1295050084590912, Avg Loss: 0.1803047854287347, Time taken: 2020.400375366211
	Lr adjusted to: 1.8454937162459828e-05
[Rank 0] Epoch 1, Batch 30/286, Loss: 0.1822303831577301, Avg Loss: 0.18030859095784338, Time taken: 2019.1212956905365
[Rank 0] Epoch 1, Batch 31/286, Loss: 0.17357169091701508, Avg Loss: 0.1802953031865597, Time taken: 2017.5648684501648
[Rank 0] Epoch 1, Batch 32/286, Loss: 0.15513339638710022, Avg Loss: 0.18024577187396235, Time taken: 2014.1713948249817
[Rank 0] Epoch 1, Batch 33/286, Loss: 0.13235341012477875, Avg Loss: 0.18015168078997573, Time taken: 2014.4065310955048
[Rank 0] Epoch 1, Batch 34/286, Loss: 0.1439972221851349, Avg Loss: 0.18008078969467212, Time taken: 2018.7744362354279
[Rank 0] Epoch 1, Batch 35/286, Loss: 0.13064873218536377, Avg Loss: 0.17998405376999638, Time taken: 2014.1961581707
[Rank 0] Epoch 1, Batch 36/286, Loss: 0.1349036693572998, Avg Loss: 0.17989600614419032, Time taken: 2013.9397473335266
[Rank 0] Epoch 1, Batch 37/286, Loss: 0.15688017010688782, Avg Loss: 0.1798511409667297, Time taken: 2012.822304725647
[Rank 0] Epoch 1, Batch 38/286, Loss: 0.11078353971242905, Avg Loss: 0.1797167682016435, Time taken: 2011.2655789852142
[Rank 0] Epoch 1, Batch 39/286, Loss: 0.12652850151062012, Avg Loss: 0.17961349001389396, Time taken: 2014.4792206287384
[Rank 0] Epoch 1, Batch 40/286, Loss: 0.16302359104156494, Avg Loss: 0.1795813390468933, Time taken: 2020.2321586608887
[Rank 0] Epoch 1, Batch 41/286, Loss: 0.15165433287620544, Avg Loss: 0.17952732162683396, Time taken: 2021.481616973877
[Rank 0] Epoch 1, Batch 42/286, Loss: 0.1267426759004593, Avg Loss: 0.1794254207663583, Time taken: 2037.3941841125488
[Rank 0] Epoch 1, Batch 43/286, Loss: 0.17941130697727203, Avg Loss: 0.1794253935721597, Time taken: 2046.414447069168
[Rank 0] Epoch 1, Batch 44/286, Loss: 0.1561819463968277, Avg Loss: 0.17938069463528405, Time taken: 2046.2240633964539
[Rank 0] Epoch 1, Batch 45/286, Loss: 0.1452540159225464, Avg Loss: 0.17931519237287957, Time taken: 2044.2390995025635
[Rank 0] Epoch 1, Batch 46/286, Loss: 0.1544259488582611, Avg Loss: 0.17926751182974812, Time taken: 2040.0736360549927
[Rank 0] Epoch 1, Batch 47/286, Loss: 0.13580316305160522, Avg Loss: 0.1791844060003444, Time taken: 2041.8097512722015
[Rank 0] Epoch 1, Batch 48/286, Loss: 0.1099487841129303, Avg Loss: 0.17905227695094095, Time taken: 2040.0271170139313
[Rank 0] Epoch 1, Batch 49/286, Loss: 0.14949823915958405, Avg Loss: 0.17899598354562407, Time taken: 1873.464876651764
[Rank 0] Epoch 1, Batch 50/286, Loss: 0.1376970261335373, Avg Loss: 0.17891746841746423, Time taken: 1822.8521337509155
[Rank 0] Epoch 1, Batch 51/286, Loss: 0.1157458946108818, Avg Loss: 0.17879759825843844, Time taken: 1831.084219455719
[Rank 0] Epoch 1, Batch 52/286, Loss: 0.14415326714515686, Avg Loss: 0.17873198399496631, Time taken: 1831.9743475914001
[Rank 0] Epoch 1, Batch 53/286, Loss: 0.13317692279815674, Avg Loss: 0.1786458685673731, Time taken: 1840.3412482738495
[Rank 0] Epoch 1, Batch 54/286, Loss: 0.12260308861732483, Avg Loss: 0.17854012747312772, Time taken: 1838.279466867447
[Rank 0] Epoch 1, Batch 55/286, Loss: 0.13761278986930847, Avg Loss: 0.17846305150777214, Time taken: 1851.88574385643
[Rank 0] Epoch 1, Batch 56/286, Loss: 0.16655084490776062, Avg Loss: 0.17844066014198265, Time taken: 1851.6969468593597
[Rank 0] Epoch 1, Batch 57/286, Loss: 0.16224844753742218, Avg Loss: 0.178410280756233, Time taken: 1863.9721071720123
[Rank 0] Epoch 1, Batch 58/286, Loss: 0.14890022575855255, Avg Loss: 0.17835501848095645, Time taken: 1858.8853657245636
[Rank 0] Epoch 1, Batch 59/286, Loss: 0.1402401328086853, Avg Loss: 0.17828377570399892, Time taken: 1851.1104362010956
	Lr adjusted to: 1.4763949366169982e-05
[Rank 0] Epoch 1, Batch 60/286, Loss: 0.16162528097629547, Avg Loss: 0.1782526964227905, Time taken: 1852.4933533668518
[Rank 0] Epoch 1, Batch 61/286, Loss: 0.16445881128311157, Avg Loss: 0.17822700948584513, Time taken: 1850.71444272995
[Rank 0] Epoch 1, Batch 62/286, Loss: 0.15952801704406738, Avg Loss: 0.17819225299431765, Time taken: 1859.4348556995392
[Rank 0] Epoch 1, Batch 63/286, Loss: 0.14254647493362427, Avg Loss: 0.17812611982537388, Time taken: 1856.0695805549622
[Rank 0] Epoch 1, Batch 64/286, Loss: 0.15530888736248016, Avg Loss: 0.17808386569118334, Time taken: 1857.937534570694
[Rank 0] Epoch 1, Batch 65/286, Loss: 0.1480836272239685, Avg Loss: 0.17802841238532896, Time taken: 1858.474135875702
[Rank 0] Epoch 1, Batch 66/286, Loss: 0.13781312108039856, Avg Loss: 0.17795421443089182, Time taken: 1854.9298238754272
[Rank 0] Epoch 1, Batch 67/286, Loss: 0.1574530005455017, Avg Loss: 0.17791645897253935, Time taken: 1862.6238853931427
[Rank 0] Epoch 1, Batch 68/286, Loss: 0.16338643431663513, Avg Loss: 0.17788974936839247, Time taken: 1854.9575819969177
[Rank 0] Epoch 1, Batch 69/286, Loss: 0.1580449938774109, Avg Loss: 0.17785333697299618, Time taken: 1852.7885103225708
[Rank 0] Epoch 1, Batch 70/286, Loss: 0.15968894958496094, Avg Loss: 0.17782006886422688, Time taken: 1853.4236481189728
[Rank 0] Epoch 1, Batch 71/286, Loss: 0.1383076161146164, Avg Loss: 0.17774783403287475, Time taken: 1852.8634836673737
[Rank 0] Epoch 1, Batch 72/286, Loss: 0.1361810266971588, Avg Loss: 0.1776719821946709, Time taken: 1852.5361905097961
[Rank 0] Epoch 1, Batch 73/286, Loss: 0.1566639542579651, Avg Loss: 0.17763371620571516, Time taken: 1859.2255556583405
[Rank 0] Epoch 1, Batch 74/286, Loss: 0.1599663496017456, Avg Loss: 0.17760159372098067, Time taken: 1855.765959739685
[Rank 0] Epoch 1, Batch 75/286, Loss: 0.14677070081233978, Avg Loss: 0.17754563928738967, Time taken: 1856.1300027370453
[Rank 0] Epoch 1, Batch 76/286, Loss: 0.1466347575187683, Avg Loss: 0.17748964131317116, Time taken: 1854.3931035995483
[Rank 0] Epoch 1, Batch 77/286, Loss: 0.17551860213279724, Avg Loss: 0.17748607704702218, Time taken: 1854.2055494785309
[Rank 0] Epoch 1, Batch 78/286, Loss: 0.13773545622825623, Avg Loss: 0.17741432502388363, Time taken: 1846.424509048462
[Rank 0] Epoch 1, Batch 79/286, Loss: 0.15679362416267395, Avg Loss: 0.17737717060791747, Time taken: 1846.6763780117035
[Rank 0] Epoch 1, Batch 80/286, Loss: 0.1576279103755951, Avg Loss: 0.17734165035570107, Time taken: 1840.64737534523
[Rank 0] Epoch 1, Batch 81/286, Loss: 0.14973202347755432, Avg Loss: 0.17729208190529147, Time taken: 1844.5054116249084
[Rank 0] Epoch 1, Batch 82/286, Loss: 0.15485866367816925, Avg Loss: 0.17725187864681993, Time taken: 1837.632375240326
[Rank 0] Epoch 1, Batch 83/286, Loss: 0.14236651360988617, Avg Loss: 0.17718947191151235, Time taken: 1835.679515361786
[Rank 0] Epoch 1, Batch 84/286, Loss: 0.14427144825458527, Avg Loss: 0.1771306897264107, Time taken: 1833.7241594791412
[Rank 0] Epoch 1, Batch 85/286, Loss: 0.14888550341129303, Avg Loss: 0.1770803418007153, Time taken: 1832.4453222751617
[Rank 0] Epoch 1, Batch 86/286, Loss: 0.16100169718265533, Avg Loss: 0.1770517321127828, Time taken: 1831.8218429088593
[Rank 0] Epoch 1, Batch 87/286, Loss: 0.156507670879364, Avg Loss: 0.17701524177311423, Time taken: 1825.5842463970184
[Rank 0] Epoch 1, Batch 88/286, Loss: 0.16390228271484375, Avg Loss: 0.17699199184570594, Time taken: 1830.5891354084015
[Rank 0] Epoch 1, Batch 89/286, Loss: 0.13730598986148834, Avg Loss: 0.17692175113422945, Time taken: 1827.802793264389
	Lr adjusted to: 1.1811159311037045e-05
[Rank 0] Epoch 1, Batch 90/286, Loss: 0.14295141398906708, Avg Loss: 0.1768617328707221, Time taken: 1829.411951303482
[Rank 0] Epoch 1, Batch 91/286, Loss: 0.15961238741874695, Avg Loss: 0.1768313107447045, Time taken: 1827.3965821266174
[Rank 0] Epoch 1, Batch 92/286, Loss: 0.15879234671592712, Avg Loss: 0.17679955200521721, Time taken: 1829.8610775470734
[Rank 0] Epoch 1, Batch 93/286, Loss: 0.13113537430763245, Avg Loss: 0.176719298617348, Time taken: 1826.5916905403137
[Rank 0] Epoch 1, Batch 94/286, Loss: 0.14512842893600464, Avg Loss: 0.17666387603895967, Time taken: 1829.304006099701
[Rank 0] Epoch 1, Batch 95/286, Loss: 0.14520132541656494, Avg Loss: 0.1766087752497786, Time taken: 1830.022752046585
[Rank 0] Epoch 1, Batch 96/286, Loss: 0.20385460555553436, Avg Loss: 0.1766564078202432, Time taken: 1795.6868240833282
[Rank 0] Epoch 1, Batch 97/286, Loss: 0.11972970515489578, Avg Loss: 0.17655705929901222, Time taken: 1725.0465114116669
[Rank 0] Epoch 1, Batch 98/286, Loss: 0.12772750854492188, Avg Loss: 0.17647199039525946, Time taken: 1726.489176273346
[Rank 0] Epoch 1, Batch 99/286, Loss: 0.16195765137672424, Avg Loss: 0.17644674806653157, Time taken: 1731.9514577388763
[Rank 0] Epoch 1, Batch 100/286, Loss: 0.1292133927345276, Avg Loss: 0.17636474571352462, Time taken: 1725.882535457611
[Rank 0] Epoch 1, Batch 101/286, Loss: 0.14010995626449585, Avg Loss: 0.17630191245624727, Time taken: 1737.030113697052
[Rank 0] Epoch 1, Batch 102/286, Loss: 0.13209138810634613, Avg Loss: 0.17622542365979416, Time taken: 1741.3940088748932
[Rank 0] Epoch 1, Batch 103/286, Loss: 0.14937156438827515, Avg Loss: 0.17617904393739084, Time taken: 1735.1514139175415
[Rank 0] Epoch 1, Batch 104/286, Loss: 0.18063746392726898, Avg Loss: 0.1761867308684079, Time taken: 1790.6921429634094
[Rank 0] Epoch 1, Batch 105/286, Loss: 0.15610553324222565, Avg Loss: 0.1761521677055401, Time taken: 1714.5457303524017
[Rank 0] Epoch 1, Batch 106/286, Loss: 0.17363038659095764, Avg Loss: 0.17614783474829854, Time taken: 1716.2790541648865
[Rank 0] Epoch 1, Batch 107/286, Loss: 0.16020633280277252, Avg Loss: 0.17612049083415526, Time taken: 1718.8859822750092
[Rank 0] Epoch 1, Batch 108/286, Loss: 0.13446742296218872, Avg Loss: 0.17604916708779916, Time taken: 1719.8476433753967
[Rank 0] Epoch 1, Batch 109/286, Loss: 0.13003724813461304, Avg Loss: 0.17597051423488774, Time taken: 1719.1033256053925
[Rank 0] Epoch 1, Batch 110/286, Loss: 0.1388615071773529, Avg Loss: 0.17590718828427762, Time taken: 1719.786428451538
[Rank 0] Epoch 1, Batch 111/286, Loss: 0.1300029158592224, Avg Loss: 0.1758289867980339, Time taken: 1717.0526070594788
[Rank 0] Epoch 1, Batch 112/286, Loss: 0.1264035701751709, Avg Loss: 0.17574492996704263, Time taken: 1717.342359304428
[Rank 0] Epoch 1, Batch 113/286, Loss: 0.14844587445259094, Avg Loss: 0.17569858182525241, Time taken: 1720.5408189296722
[Rank 0] Epoch 1, Batch 114/286, Loss: 0.1501443237066269, Avg Loss: 0.17565526952335642, Time taken: 1723.9569256305695
[Rank 0] Epoch 1, Batch 115/286, Loss: 0.12158609926700592, Avg Loss: 0.17556378192562994, Time taken: 1722.586858034134
Error loading batch 213380: Chunk 1388 for video 91e3e6ce-bc01-4720-a490-e319dd380509 does not exist!
[Rank 0] Epoch 1, Batch 116/286, Loss: 0.1558171510696411, Avg Loss: 0.1755304261302651, Time taken: 1725.00927567482
[Rank 0] Epoch 1, Batch 117/286, Loss: 0.13324040174484253, Avg Loss: 0.17545911074344314, Time taken: 1724.8475580215454
[Rank 0] Epoch 1, Batch 118/286, Loss: 0.16305111348628998, Avg Loss: 0.17543822185917182, Time taken: 1726.0515224933624
[Rank 0] Epoch 1, Batch 119/286, Loss: 0.20410892367362976, Avg Loss: 0.1754864079126415, Time taken: 1727.5699186325073
	Lr adjusted to: 9.448927812627517e-06
[Rank 0] Epoch 1, Batch 120/286, Loss: 0.1428525745868683, Avg Loss: 0.1754316531587392, Time taken: 1734.506691455841
[Rank 0] Epoch 1, Batch 121/286, Loss: 0.1330515742301941, Avg Loss: 0.1753606647518237, Time taken: 1737.9168169498444
[Rank 0] Epoch 1, Batch 122/286, Loss: 0.13405707478523254, Avg Loss: 0.1752915952033846, Time taken: 1741.6818101406097
[Rank 0] Epoch 1, Batch 123/286, Loss: 0.15486398339271545, Avg Loss: 0.17525749234560387, Time taken: 1751.50341796875
[Rank 0] 124: truncated batch: 511
[Rank 0] Epoch 1, Batch 124/286, Loss: 0.12957645952701569, Avg Loss: 0.1751813572909062, Time taken: 1727.1760566234589
[Rank 0] Epoch 1, Batch 125/286, Loss: 0.15124014019966125, Avg Loss: 0.17514152165514707, Time taken: 1737.2312116622925
[Rank 0] Epoch 1, Batch 126/286, Loss: 0.1376032531261444, Avg Loss: 0.17507916572735802, Time taken: 1738.222357749939
[Rank 0] Epoch 1, Batch 127/286, Loss: 0.149348646402359, Avg Loss: 0.17503649488270628, Time taken: 1742.6906759738922
Error loading batch 246223: Chunk 531 for video adf4d8c5-2c49-4d25-9a20-7dc29bbda0ce does not exist!
[Rank 0] Epoch 1, Batch 128/286, Loss: 0.15687192976474762, Avg Loss: 0.1750064210993984, Time taken: 1743.7130906581879
[Rank 0] Epoch 1, Batch 129/286, Loss: 0.13927331566810608, Avg Loss: 0.17494735811521445, Time taken: 1730.2108948230743
[Rank 0] Epoch 1, Batch 130/286, Loss: 0.16070279479026794, Avg Loss: 0.1749238522351403, Time taken: 1726.3263754844666
[Rank 0] Epoch 1, Batch 131/286, Loss: 0.1347615122795105, Avg Loss: 0.1748576869304358, Time taken: 1726.9250378608704
[Rank 0] Epoch 1, Batch 132/286, Loss: 0.13996198773384094, Avg Loss: 0.17480029268833613, Time taken: 1726.015822172165
[Rank 0] Epoch 1, Batch 133/286, Loss: 0.16198602318763733, Avg Loss: 0.17477925119490312, Time taken: 1727.000548362732
[Rank 0] Epoch 1, Batch 134/286, Loss: 0.13807591795921326, Avg Loss: 0.17471908179615608, Time taken: 1726.8378937244415
[Rank 0] Epoch 1, Batch 135/286, Loss: 0.19229738414287567, Avg Loss: 0.17474785152176447, Time taken: 1726.5961682796478
[Rank 0] 136: truncated batch: 511
[Rank 0] Epoch 1, Batch 136/286, Loss: 0.16482004523277283, Avg Loss: 0.1747316296160635, Time taken: 1722.8744614124298
[Rank 0] Epoch 1, Batch 137/286, Loss: 0.1495884358882904, Avg Loss: 0.17469061298681754, Time taken: 1725.487993478775
[Rank 0] Epoch 1, Batch 138/286, Loss: 0.1537685990333557, Avg Loss: 0.17465653804552525, Time taken: 1725.2966730594635
[Rank 0] Epoch 1, Batch 139/286, Loss: 0.1467149704694748, Avg Loss: 0.17461110460231216, Time taken: 1725.52871799469
[Rank 0] Epoch 1, Batch 140/286, Loss: 0.1498085856437683, Avg Loss: 0.17457084077283402, Time taken: 1727.7603449821472
[Rank 0] Epoch 1, Batch 141/286, Loss: 0.16813971102237701, Avg Loss: 0.17456041754795482, Time taken: 1724.358017206192
[Rank 0] Epoch 1, Batch 142/286, Loss: 0.15136417746543884, Avg Loss: 0.17452288317888928, Time taken: 1725.7417690753937
[Rank 0] Epoch 1, Batch 143/286, Loss: 0.13338319957256317, Avg Loss: 0.17445642165448486, Time taken: 1725.9296057224274
[Rank 0] Epoch 1, Batch 144/286, Loss: 0.17450420558452606, Avg Loss: 0.17445649872533978, Time taken: 1725.343050479889
[Rank 0] Epoch 1, Batch 145/286, Loss: 0.13305243849754333, Avg Loss: 0.1743898255204641, Time taken: 1724.245325088501
[Rank 0] Epoch 1, Batch 146/286, Loss: 0.15930747985839844, Avg Loss: 0.17436557737631286, Time taken: 1725.4775304794312
[Rank 0] Epoch 1, Batch 147/286, Loss: 0.1508772224187851, Avg Loss: 0.1743278753619348, Time taken: 1717.186961889267
[Rank 0] Epoch 1, Batch 148/286, Loss: 0.1503278613090515, Avg Loss: 0.17428941380095261, Time taken: 1723.3870949745178
[Rank 0] Epoch 1, Batch 149/286, Loss: 0.15985533595085144, Avg Loss: 0.17426631927639247, Time taken: 1726.9607288837433
	Lr adjusted to: 7.559142432000954e-06
[Rank 0] Epoch 1, Batch 150/286, Loss: 0.09938161820173264, Avg Loss: 0.17414669515327, Time taken: 1728.8907535076141
[Rank 0] Epoch 1, Batch 151/286, Loss: 0.1384713053703308, Avg Loss: 0.17408979660497184, Time taken: 1726.707447052002
[Rank 0] Epoch 1, Batch 152/286, Loss: 0.16593578457832336, Avg Loss: 0.17407681250938803, Time taken: 1733.3680868148804
[Rank 0] Epoch 1, Batch 153/286, Loss: 0.14045408368110657, Avg Loss: 0.1740233582505195, Time taken: 1726.3846662044525
[Rank 0] Epoch 1, Batch 154/286, Loss: 0.1359330415725708, Avg Loss: 0.1739628974303958, Time taken: 1727.156129360199
[Rank 0] Epoch 1, Batch 155/286, Loss: 0.1771700084209442, Avg Loss: 0.17396798001516686, Time taken: 1726.986652135849
[Rank 0] Epoch 1, Batch 156/286, Loss: 0.13820911943912506, Avg Loss: 0.17391139953957188, Time taken: 1725.4970099925995
[Rank 0] Epoch 1, Batch 157/286, Loss: 0.13980896770954132, Avg Loss: 0.1738575252396824, Time taken: 1725.4693350791931
[Rank 0] Epoch 1, Batch 158/286, Loss: 0.1406107097864151, Avg Loss: 0.1738050854676741, Time taken: 1724.7567801475525
[Rank 0] Epoch 1, Batch 159/286, Loss: 0.14317958056926727, Avg Loss: 0.1737568563261018, Time taken: 1725.5817866325378
[Rank 0] Epoch 1, Batch 160/286, Loss: 0.1639244258403778, Avg Loss: 0.1737413965297406, Time taken: 1727.9858815670013
[Rank 0] Epoch 1, Batch 161/286, Loss: 0.16598016023635864, Avg Loss: 0.173729212485324, Time taken: 1727.2765338420868
[Rank 0] Epoch 1, Batch 162/286, Loss: 0.14430490136146545, Avg Loss: 0.17368309287541198, Time taken: 1726.5645687580109
[Rank 0] Epoch 1, Batch 163/286, Loss: 0.17484232783317566, Avg Loss: 0.17368490701462602, Time taken: 1725.1041584014893
[Rank 0] Epoch 1, Batch 164/286, Loss: 0.17009058594703674, Avg Loss: 0.17367929088795792, Time taken: 1724.6830518245697
[Rank 0] Epoch 1, Batch 165/286, Loss: 0.12404321879148483, Avg Loss: 0.1736018555180726, Time taken: 1723.7885823249817
[Rank 0] Epoch 1, Batch 166/286, Loss: 0.13960662484169006, Avg Loss: 0.17354890344536797, Time taken: 1723.1573040485382
[Rank 0] Epoch 1, Batch 167/286, Loss: 0.1363358348608017, Avg Loss: 0.17349102931071078, Time taken: 1722.7040486335754
[Rank 0] Epoch 1, Batch 168/286, Loss: 0.18651346862316132, Avg Loss: 0.1735112504897674, Time taken: 1722.826740026474
[Rank 0] Epoch 1, Batch 169/286, Loss: 0.1510886251926422, Avg Loss: 0.1734764867296168, Time taken: 1722.4908154010773
[Rank 0] Epoch 1, Batch 170/286, Loss: 0.17620044946670532, Avg Loss: 0.17348070339020052, Time taken: 1719.4101386070251
[Rank 0] Epoch 1, Batch 171/286, Loss: 0.16494736075401306, Avg Loss: 0.17346751429802715, Time taken: 1731.4980323314667
[Rank 0] Epoch 1, Batch 172/286, Loss: 0.1472255289554596, Avg Loss: 0.1734270174070664, Time taken: 1727.5256853103638
[Rank 0] Epoch 1, Batch 173/286, Loss: 0.1300230324268341, Avg Loss: 0.17336013915594123, Time taken: 1721.741251707077
[Rank 0] Epoch 1, Batch 174/286, Loss: 0.1529834121465683, Avg Loss: 0.17332879034515758, Time taken: 1723.441388130188
[Rank 0] Epoch 1, Batch 175/286, Loss: 0.1256263554096222, Avg Loss: 0.17325551471545628, Time taken: 1725.2204859256744
[Rank 0] Epoch 1, Batch 176/286, Loss: 0.17176948487758636, Avg Loss: 0.17325323552858837, Time taken: 1723.2763919830322
[Rank 0] Epoch 1, Batch 177/286, Loss: 0.1417442411184311, Avg Loss: 0.1732049828572099, Time taken: 1725.2693092823029
[Rank 0] Epoch 1, Batch 178/286, Loss: 0.1463509052991867, Avg Loss: 0.17316392157654012, Time taken: 1723.9896013736725
[Rank 0] Epoch 1, Batch 179/286, Loss: 0.1476534605026245, Avg Loss: 0.173124974307725, Time taken: 1725.690288066864
	Lr adjusted to: 6.047313945600763e-06
Error loading batch 155178: Chunk 900 for video 994616c8-63b0-47bd-a526-0680f4acff9e does not exist!
[Rank 0] Epoch 1, Batch 180/286, Loss: 0.15868042409420013, Avg Loss: 0.17310295517630195, Time taken: 1733.9681603908539
Error loading batch 142393: Chunk 2932 for video 4f7fb690-4ee7-4555-87bd-0fe6171b4239 does not exist!
Error loading batch 206304: Chunk 354 for video e8a47631-b7e6-4c7d-bf0f-a37bf1ec913a does not exist!
[Rank 0] Epoch 1, Batch 181/286, Loss: 0.16788733005523682, Avg Loss: 0.17309501662969454, Time taken: 1730.0248973369598
[Rank 0] Epoch 1, Batch 182/286, Loss: 0.14220355451107025, Avg Loss: 0.17304806911887596, Time taken: 1727.508716583252
[Rank 0] Epoch 1, Batch 183/286, Loss: 0.12127922475337982, Avg Loss: 0.17296951245064304, Time taken: 1728.9104771614075
[Rank 0] Epoch 1, Batch 184/286, Loss: 0.17753982543945312, Avg Loss: 0.17297643716729275, Time taken: 1725.5743827819824
[Rank 0] Epoch 1, Batch 185/286, Loss: 0.1526232361793518, Avg Loss: 0.17294564563781023, Time taken: 1723.0478973388672
[Rank 0] Epoch 1, Batch 186/286, Loss: 0.15988986194133759, Avg Loss: 0.17292592391017206, Time taken: 1720.1243975162506
[Rank 0] Epoch 1, Batch 187/286, Loss: 0.16021676361560822, Avg Loss: 0.17290675473929035, Time taken: 1718.2611675262451
[Rank 1] 222: truncated batch: 511
[Rank 0] Epoch 1, Batch 188/286, Loss: 0.1368952840566635, Avg Loss: 0.17285252059669604, Time taken: 1720.7823979854584
[Rank 0] 189: truncated batch: 511
[Rank 1] 223: truncated batch: 511
[Rank 0] Epoch 1, Batch 189/286, Loss: 0.1527252346277237, Avg Loss: 0.17282225400125398, Time taken: 1714.4647150039673
[Rank 0] Epoch 1, Batch 190/286, Loss: 0.1373857855796814, Avg Loss: 0.1727690460907111, Time taken: 1717.2568275928497
[Rank 0] Epoch 1, Batch 191/286, Loss: 0.1610715091228485, Avg Loss: 0.17275150855402763, Time taken: 1718.91371011734
[Rank 0] Epoch 1, Batch 192/286, Loss: 0.14645981788635254, Avg Loss: 0.17271214973566285, Time taken: 1721.514264345169
[Rank 0] Epoch 1, Batch 193/286, Loss: 0.14591309428215027, Avg Loss: 0.17267209135680855, Time taken: 1721.9011771678925
[Rank 0] Epoch 1, Batch 194/286, Loss: 0.19972378015518188, Avg Loss: 0.1727124670117315, Time taken: 1722.2141053676605
[Rank 0] Epoch 1, Batch 195/286, Loss: 0.1376730054616928, Avg Loss: 0.17266024724787155, Time taken: 1725.4381449222565
Error loading batch 29298: Chunk 900 for video 8db05748-e83e-4422-ac45-de586be75f70 does not exist!
[Rank 0] Epoch 1, Batch 196/286, Loss: 0.1162763386964798, Avg Loss: 0.17257634262205102, Time taken: 1725.00874209404
[Rank 0] Epoch 1, Batch 197/286, Loss: 0.14197713136672974, Avg Loss: 0.17253087574054238, Time taken: 1724.389815568924
[Rank 0] Epoch 1, Batch 198/286, Loss: 0.13242779672145844, Avg Loss: 0.17247137562330336, Time taken: 1726.939301252365
[Rank 0] Epoch 1, Batch 199/286, Loss: 0.16348107159137726, Avg Loss: 0.17245805665436717, Time taken: 1724.3645567893982
[Rank 0] Epoch 1, Batch 200/286, Loss: 0.18728411197662354, Avg Loss: 0.17247998868886757, Time taken: 1725.8402261734009
[Rank 0] Epoch 1, Batch 201/286, Loss: 0.14729063212871552, Avg Loss: 0.1724427813675084, Time taken: 1727.6199905872345
[Rank 0] Epoch 1, Batch 202/286, Loss: 0.12640871107578278, Avg Loss: 0.17237488450867106, Time taken: 1738.6474170684814
[Rank 0] Epoch 1, Batch 203/286, Loss: 0.14964300394058228, Avg Loss: 0.1723414060394986, Time taken: 1750.6191391944885
[Rank 0] 204: truncated batch: 511
[Rank 0] Epoch 1, Batch 204/286, Loss: 0.15827234089374542, Avg Loss: 0.17232071623781367, Time taken: 1752.0392107963562
[Rank 0] Epoch 1, Batch 205/286, Loss: 0.1477280855178833, Avg Loss: 0.172284603711059, Time taken: 1770.369443655014
[Rank 0] Epoch 1, Batch 206/286, Loss: 0.13907963037490845, Avg Loss: 0.1722359160668711, Time taken: 1728.311218738556
[Rank 0] Epoch 1, Batch 207/286, Loss: 0.12675413489341736, Avg Loss: 0.17216932487920864, Time taken: 1728.5173454284668
[Rank 0] Epoch 1, Batch 208/286, Loss: 0.14653146266937256, Avg Loss: 0.17213184262451592, Time taken: 1729.5835967063904
[Rank 0] Epoch 1, Batch 209/286, Loss: 0.15836083889007568, Avg Loss: 0.17211173896942913, Time taken: 1730.1918120384216
	Lr adjusted to: 4.83785106553114e-06
[Rank 0] Epoch 1, Batch 210/286, Loss: 0.12496569007635117, Avg Loss: 0.17204301295063457, Time taken: 1729.1882424354553
[Rank 0] Epoch 1, Batch 211/286, Loss: 0.13474342226982117, Avg Loss: 0.17198871951441794, Time taken: 1729.9602060317993
[Rank 0] Epoch 1, Batch 212/286, Loss: 0.13922345638275146, Avg Loss: 0.17194109558544748, Time taken: 1729.3184015750885
[Rank 0] Epoch 1, Batch 213/286, Loss: 0.14946115016937256, Avg Loss: 0.1719084686690236, Time taken: 1730.2068305015564
[Rank 0] Epoch 1, Batch 214/286, Loss: 0.12460622191429138, Avg Loss: 0.17183991468821963, Time taken: 1730.6314723491669
[Rank 0] Epoch 1, Batch 215/286, Loss: 0.16414114832878113, Avg Loss: 0.17182877320289483, Time taken: 1731.8913366794586
[Rank 0] Epoch 1, Batch 216/286, Loss: 0.1509307473897934, Avg Loss: 0.17179857374362734, Time taken: 1729.15429353714
[Rank 0] Epoch 1, Batch 217/286, Loss: 0.15924116969108582, Avg Loss: 0.17178045339145917, Time taken: 1728.3459825515747
[Rank 0] Epoch 1, Batch 218/286, Loss: 0.11172977089881897, Avg Loss: 0.17169392503051875, Time taken: 1732.5540311336517
[Rank 0] Epoch 1, Batch 219/286, Loss: 0.14524532854557037, Avg Loss: 0.17165586949600806, Time taken: 1732.3764581680298
[Rank 0] Epoch 1, Batch 220/286, Loss: 0.1809816062450409, Avg Loss: 0.17166926854306125, Time taken: 1733.5849151611328
[Rank 0] Epoch 1, Batch 221/286, Loss: 0.16622550785541534, Avg Loss: 0.17166145826947782, Time taken: 1731.3928320407867
[Rank 0] Epoch 1, Batch 222/286, Loss: 0.18306775391101837, Avg Loss: 0.17167779966724508, Time taken: 1729.289709329605
[Rank 0] Epoch 1, Batch 223/286, Loss: 0.1659337282180786, Avg Loss: 0.1716695821115238, Time taken: 1728.1564955711365
[Rank 0] Epoch 1, Batch 224/286, Loss: 0.14992757141590118, Avg Loss: 0.17163852209624436, Time taken: 1730.4479050636292
[Rank 0] Epoch 1, Batch 225/286, Loss: 0.13487017154693604, Avg Loss: 0.1715860708115806, Time taken: 1731.8515281677246
[Rank 0] Epoch 1, Batch 226/286, Loss: 0.20388370752334595, Avg Loss: 0.1716320788410845, Time taken: 1733.2580041885376
[Rank 0] Epoch 1, Batch 227/286, Loss: 0.14444062113761902, Avg Loss: 0.17159339966938683, Time taken: 1731.680605173111
[Rank 0] Epoch 1, Batch 228/286, Loss: 0.15052351355552673, Avg Loss: 0.1715634708538842, Time taken: 1731.6143634319305
[Rank 0] Epoch 1, Batch 229/286, Loss: 0.13908551633358002, Avg Loss: 0.171517402833288, Time taken: 1729.94322347641
[Rank 0] Epoch 1, Batch 230/286, Loss: 0.14102114737033844, Avg Loss: 0.17147420700402038, Time taken: 1731.0628943443298
[Rank 0] Epoch 1, Batch 231/286, Loss: 0.15549126267433167, Avg Loss: 0.17145160029351164, Time taken: 1731.5607891082764
[Rank 0] Epoch 1, Batch 232/286, Loss: 0.1239200085401535, Avg Loss: 0.17138446527691084, Time taken: 1731.9548995494843
[Rank 0] Epoch 1, Batch 233/286, Loss: 0.17063048481941223, Avg Loss: 0.17138340183479872, Time taken: 1734.0128982067108
[Rank 0] Epoch 1, Batch 234/286, Loss: 0.1579231321811676, Avg Loss: 0.171364443708526, Time taken: 1734.1005566120148
[Rank 0] Epoch 1, Batch 235/286, Loss: 0.15351693332195282, Avg Loss: 0.17133934172485993, Time taken: 1733.5860812664032
[Rank 0] Epoch 1, Batch 236/286, Loss: 0.12411937117576599, Avg Loss: 0.17127302154150445, Time taken: 1733.2090411186218
[Rank 0] Epoch 1, Batch 237/286, Loss: 0.1474611759185791, Avg Loss: 0.1712396248435761, Time taken: 1730.6346340179443
[Rank 0] Epoch 1, Batch 238/286, Loss: 0.16036033630371094, Avg Loss: 0.17122438774478077, Time taken: 1733.3039746284485
[Rank 0] Epoch 1, Batch 239/286, Loss: 0.13528379797935486, Avg Loss: 0.17117412118566827, Time taken: 1729.6454269886017
	Lr adjusted to: 3.8702810343238525e-06
[Rank 0] Epoch 1, Batch 240/286, Loss: 0.16445645689964294, Avg Loss: 0.1711647389729783, Time taken: 1734.2230050563812
[Rank 0] Epoch 1, Batch 241/286, Loss: 0.17426316440105438, Avg Loss: 0.171169060347355, Time taken: 1732.2666623592377
[Rank 0] Epoch 1, Batch 242/286, Loss: 0.13749350607395172, Avg Loss: 0.1711221584611803, Time taken: 1729.6589920520782
[Rank 0] Epoch 1, Batch 243/286, Loss: 0.1667098104953766, Avg Loss: 0.17111602167680506, Time taken: 1727.429118156433
[Rank 0] Epoch 1, Batch 244/286, Loss: 0.12404842674732208, Avg Loss: 0.17105065001718078, Time taken: 1728.6168448925018
[Rank 0] Epoch 1, Batch 245/286, Loss: 0.1540934145450592, Avg Loss: 0.17102713096659533, Time taken: 1727.252878665924
[Rank 0] Epoch 1, Batch 246/286, Loss: 0.14934314787387848, Avg Loss: 0.1709970977490154, Time taken: 1726.463506937027
[Rank 0] Epoch 1, Batch 247/286, Loss: 0.13559609651565552, Avg Loss: 0.17094813370858197, Time taken: 1726.676230430603
[Rank 0] Epoch 1, Batch 248/286, Loss: 0.13167360424995422, Avg Loss: 0.17089388712093193, Time taken: 1726.6191680431366
[Rank 0] Epoch 1, Batch 249/286, Loss: 0.1429292857646942, Avg Loss: 0.1708553152569923, Time taken: 1726.1599793434143
[Rank 0] Epoch 1, Batch 250/286, Loss: 0.14974093437194824, Avg Loss: 0.17082623208772915, Time taken: 1725.226116657257
[Rank 0] Epoch 1, Batch 251/286, Loss: 0.13533560931682587, Avg Loss: 0.17077741417470177, Time taken: 1723.9270639419556
Finished!!!Error loading batch 142393: Chunk 2932 for video 4f7fb690-4ee7-4555-87bd-0fe6171b4239 does not exist!
[Rank 0] Epoch 1, Batch 252/286, Loss: 0.15008783340454102, Avg Loss: 0.1707489944208966, Time taken: 1723.0020444393158
[Rank 0] Epoch 1, Batch 253/286, Loss: 0.16774800419807434, Avg Loss: 0.1707448778362288, Time taken: 1719.4074070453644
[Rank 0] Epoch 1, Batch 254/286, Loss: 0.1317790001630783, Avg Loss: 0.17069149992160806, Time taken: 1725.4411721229553
[Rank 0] Epoch 1, Batch 255/286, Loss: 0.09331335872411728, Avg Loss: 0.17058564747126947, Time taken: 1730.400628566742
[Rank 0] Epoch 1, Batch 256/286, Loss: 0.12388073652982712, Avg Loss: 0.17052184294812545, Time taken: 1735.743391752243
[Rank 0] Epoch 1, Batch 257/286, Loss: 0.17140796780586243, Avg Loss: 0.1705230518497049, Time taken: 1737.7703759670258
[Rank 0] Epoch 1, Batch 258/286, Loss: 0.1307038813829422, Avg Loss: 0.17046880229866027, Time taken: 1737.4057257175446
[Rank 0] Epoch 1, Batch 259/286, Loss: 0.15396976470947266, Avg Loss: 0.17044635462847088, Time taken: 1729.2505991458893
[Rank 0] Epoch 1, Batch 260/286, Loss: 0.1446605920791626, Avg Loss: 0.17041131962500716, Time taken: 1726.2477293014526
[Rank 1] 8: truncated batch: 511
[Rank 0] Epoch 1, Batch 261/286, Loss: 0.11771140992641449, Avg Loss: 0.17033981364169834, Time taken: 1727.925940990448
[Rank 0] Epoch 1, Batch 262/286, Loss: 0.15780732035636902, Avg Loss: 0.17032283194347975, Time taken: 1727.0878763198853
[Rank 0] Epoch 1, Batch 263/286, Loss: 0.14490164816379547, Avg Loss: 0.17028843250670073, Time taken: 1736.1865558624268
[Rank 0] Epoch 1, Batch 264/286, Loss: 0.14952591061592102, Avg Loss: 0.17026037504468616, Time taken: 1741.9267899990082
[Rank 0] Epoch 1, Batch 265/286, Loss: 0.1560143381357193, Avg Loss: 0.1702411496237564, Time taken: 1743.084290266037
[Rank 0] Epoch 1, Batch 266/286, Loss: 0.14889276027679443, Avg Loss: 0.17021237820954216, Time taken: 1743.6830606460571
[Rank 0] Epoch 1, Batch 267/286, Loss: 0.18139180541038513, Avg Loss: 0.17022742454494033, Time taken: 1742.327764749527
[Rank 0] Epoch 1, Batch 268/286, Loss: 0.16551080346107483, Avg Loss: 0.17022108500047275, Time taken: 1739.7415807247162
[Rank 0] Epoch 1, Batch 269/286, Loss: 0.13049207627773285, Avg Loss: 0.17016775747198587, Time taken: 1752.1226859092712
